[2017-09-04 20:42:11] Failed: App\Jobs\capture
[2017-09-04 20:43:11] Failed: App\Jobs\capture
[2017-09-04 20:43:22] Failed: App\Jobs\capture
[2017-09-04 20:44:12] Failed: App\Jobs\capture
[2017-09-04 20:45:12] Failed: App\Jobs\capture
[2017-09-04 20:46:11] Failed: App\Jobs\capture
[2017-09-04 20:47:12] Failed: App\Jobs\capture
[2017-09-04 20:48:12] Failed: App\Jobs\capture
Test.Array
(
    [message] => Identificação do pedido inválida.
)
[2017-09-04 20:49:19] Processed: App\Jobs\capture
Test.Array
(
    [message] => Identificação do pedido inválida.
)
[2017-09-04 20:51:51] Processed: App\Jobs\capture
[2017-09-05 14:34:56] Failed: App\Jobs\EmailSend
[2017-09-05 14:37:09] Failed: App\Jobs\EmailSend
[2017-09-05 14:38:08] Failed: App\Jobs\EmailSend
[2017-09-05 14:40:50] Processed: App\Jobs\EmailSend
[2017-09-05 21:02:45] Processed: App\Jobs\EmailSend
[2017-09-05 21:18:10] Failed: App\Jobs\EmailSend
[2017-09-05 21:23:02] Failed: App\Jobs\EmailSend
[2017-09-06 16:37:11] Processed: App\Jobs\EmailSend
[2017-09-06 16:40:53] Processed: App\Jobs\EmailSend
[2017-09-06 16:43:22] Processed: App\Jobs\EmailSend
[2017-09-06 16:50:33] Processed: App\Jobs\EmailSend
[2017-09-06 16:59:33] Processed: App\Jobs\EmailSend
[2017-09-06 17:00:54] Processed: App\Jobs\EmailSend
[2017-09-06 21:24:22] Failed: App\Jobs\EmailEbook
[2017-09-06 21:25:21] Failed: App\Jobs\EmailEbook
[2017-09-06 21:25:32] Failed: App\Jobs\EmailEbook
[2017-09-06 21:25:32] Failed: App\Jobs\EmailEbook
[2017-09-06 21:25:43] Failed: App\Jobs\EmailEbook
[2017-09-06 21:26:08] Failed: App\Jobs\EmailEbook
[2017-09-06 21:26:38] Failed: App\Jobs\EmailEbook
[2017-09-06 21:26:53] Failed: App\Jobs\EmailEbook
[2017-09-06 21:26:53] Failed: App\Jobs\EmailEbook
[2017-09-06 21:26:53] Failed: App\Jobs\EmailEbook
[2017-09-06 21:27:14] Failed: App\Jobs\EmailEbook
[2017-09-06 21:27:29] Failed: App\Jobs\EmailEbook
[2017-09-06 21:28:48] Failed: App\Jobs\EmailEbook
[2017-09-06 21:28:54] Failed: App\Jobs\EmailEbook
[2017-09-06 21:29:45] Failed: App\Jobs\EmailEbook
[2017-09-06 21:29:52] Failed: App\Jobs\EmailEbook
[2017-09-06 21:29:54] Failed: App\Jobs\EmailEbook
[2017-09-06 21:30:05] Failed: App\Jobs\EmailEbook
[2017-09-06 21:30:17] Failed: App\Jobs\EmailEbook
[2017-09-06 21:30:35] Failed: App\Jobs\EmailEbook
[2017-09-06 21:30:35] Failed: App\Jobs\EmailEbook
[2017-09-06 21:30:39] Failed: App\Jobs\EmailEbook
[2017-09-06 21:31:07] Failed: App\Jobs\EmailEbook
[2017-09-06 21:32:59] Failed: App\Jobs\EmailEbook
[2017-09-06 21:33:05] Failed: App\Jobs\EmailEbook
[2017-09-06 21:33:10] Failed: App\Jobs\EmailEbook
[2017-09-06 21:33:12] Failed: App\Jobs\EmailEbook
[2017-09-06 21:33:31] Failed: App\Jobs\EmailEbook
[2017-09-06 21:33:57] Failed: App\Jobs\EmailEbook
[2017-09-06 21:34:03] Failed: App\Jobs\EmailEbook
[2017-09-06 21:34:16] Failed: App\Jobs\EmailEbook
[2017-09-06 21:34:33] Failed: App\Jobs\EmailEbook
[2017-09-06 21:34:36] Failed: App\Jobs\EmailEbook
[2017-09-06 21:34:42] Failed: App\Jobs\EmailEbook
[2017-09-06 21:35:12] Failed: App\Jobs\EmailEbook
[2017-09-06 21:35:23] Failed: App\Jobs\EmailEbook
[2017-09-06 21:35:25] Failed: App\Jobs\EmailEbook
[2017-09-06 21:35:36] Failed: App\Jobs\EmailEbook
[2017-09-06 21:35:40] Failed: App\Jobs\EmailEbook
[2017-09-06 21:35:45] Failed: App\Jobs\EmailEbook
[2017-09-06 21:35:45] Failed: App\Jobs\EmailEbook
[2017-09-06 21:35:45] Failed: App\Jobs\EmailEbook
[2017-09-06 21:35:58] Failed: App\Jobs\EmailEbook
[2017-09-06 21:36:11] Failed: App\Jobs\EmailEbook
[2017-09-06 21:36:15] Failed: App\Jobs\EmailEbook
[2017-09-06 21:37:04] Failed: App\Jobs\EmailEbook
[2017-09-06 21:38:03] Failed: App\Jobs\EmailEbook
[2017-09-06 21:38:26] Failed: App\Jobs\EmailEbook
[2017-09-06 21:38:47] Failed: App\Jobs\EmailEbook
[2017-09-06 21:39:17] Failed: App\Jobs\EmailEbook
[2017-09-06 21:39:47] Failed: App\Jobs\EmailEbook
[2017-09-06 21:39:55] Failed: App\Jobs\EmailEbook
[2017-09-06 21:41:45] Failed: App\Jobs\EmailEbook
[2017-09-06 21:42:26] Failed: App\Jobs\EmailEbook
[2017-09-06 21:42:52] Failed: App\Jobs\EmailEbook
[2017-09-06 21:43:14] Failed: App\Jobs\EmailEbook
[2017-09-06 21:43:39] Failed: App\Jobs\EmailEbook
[2017-09-06 21:44:20] Failed: App\Jobs\EmailEbook
[2017-09-06 21:44:40] Failed: App\Jobs\EmailEbook
[2017-09-06 21:45:50] Failed: App\Jobs\EmailEbook
[2017-09-06 21:46:42] Failed: App\Jobs\EmailEbook
[2017-09-06 21:48:03] Failed: App\Jobs\EmailEbook
[2017-09-06 21:48:08] Failed: App\Jobs\EmailEbook
[2017-09-06 21:49:00] Failed: App\Jobs\EmailEbook
[2017-09-06 21:49:37] Failed: App\Jobs\EmailSend
[2017-09-06 21:50:30] Failed: App\Jobs\EmailEbook
[2017-09-06 21:51:47] Failed: App\Jobs\EmailEbook
[2017-09-06 21:51:52] Failed: App\Jobs\EmailEbook
[2017-09-06 21:52:36] Failed: App\Jobs\EmailEbook
[2017-09-06 21:52:44] Failed: App\Jobs\EmailEbook
[2017-09-06 21:52:44] Failed: App\Jobs\EmailEbook
[2017-09-06 21:53:06] Failed: App\Jobs\EmailEbook
[2017-09-06 21:53:20] Failed: App\Jobs\EmailEbook
[2017-09-06 21:53:48] Failed: App\Jobs\EmailEbook
[2017-09-06 21:54:04] Failed: App\Jobs\EmailEbook
[2017-09-06 21:54:47] Failed: App\Jobs\EmailEbook
[2017-09-06 21:56:55] Failed: App\Jobs\EmailEbook
[2017-09-06 21:58:10] Failed: App\Jobs\EmailEbook
[2017-09-06 22:00:38] Failed: App\Jobs\EmailEbook
[2017-09-06 22:00:54] Failed: App\Jobs\EmailEbook
[2017-09-06 22:00:59] Failed: App\Jobs\EmailEbook
[2017-09-06 22:01:38] Failed: App\Jobs\EmailEbook
[2017-09-06 22:01:39] Failed: App\Jobs\EmailEbook
[2017-09-06 22:02:47] Failed: App\Jobs\EmailEbook
[2017-09-06 22:03:11] Failed: App\Jobs\EmailEbook
[2017-09-06 22:03:11] Failed: App\Jobs\EmailEbook
[2017-09-06 22:04:02] Failed: App\Jobs\EmailEbook
[2017-09-06 22:04:22] Failed: App\Jobs\EmailEbook
[2017-09-06 22:04:42] Failed: App\Jobs\EmailEbook
[2017-09-06 22:05:22] Failed: App\Jobs\EmailEbook
[2017-09-06 22:05:42] Failed: App\Jobs\Ebook
[2017-09-06 22:06:05] Failed: App\Jobs\EmailEbook
[2017-09-06 22:07:40] Failed: App\Jobs\EmailEbook
[2017-09-06 22:07:40] Failed: App\Jobs\EmailEbook
[2017-09-06 22:07:45] Failed: App\Jobs\Ebook
[2017-09-06 22:08:10] Failed: App\Jobs\EmailEbook
[2017-09-06 22:08:12] Failed: App\Jobs\EmailEbook
[2017-09-06 22:08:24] Failed: App\Jobs\EmailEbook
[2017-09-06 22:08:41] Failed: App\Jobs\EmailEbook
[2017-09-06 22:08:41] Failed: App\Jobs\EmailEbook
[2017-09-06 22:09:33] Failed: App\Jobs\EmailEbook
[2017-09-06 22:11:51] Failed: App\Jobs\EmailEbook
[2017-09-06 22:13:36] Failed: App\Jobs\Ebook
[2017-09-06 22:13:44] Failed: App\Jobs\EmailEbook
[2017-09-06 22:13:45] Failed: App\Jobs\EmailEbook
[2017-09-06 22:14:32] Failed: App\Jobs\EmailEbook
[2017-09-06 22:14:37] Failed: App\Jobs\EmailEbook
[2017-09-06 22:15:31] Failed: App\Jobs\EmailEbook
[2017-09-06 22:20:31] Failed: App\Jobs\EmailSend
[2017-09-06 22:24:18] Failed: App\Jobs\Ebook
[2017-09-06 22:25:14] Failed: App\Jobs\Ebook
[2017-09-06 22:26:45] Failed: App\Jobs\Ebook
[2017-09-06 22:27:54] Failed: App\Jobs\Ebook
[2017-09-06 22:28:43] Failed: App\Jobs\Ebook
[2017-09-06 22:28:45] Failed: App\Jobs\Ebook
[2017-09-06 22:45:36] Failed: App\Jobs\EmailEbook
[2017-09-06 22:46:01] Failed: App\Jobs\EmailEbook
[2017-09-06 22:48:16] Failed: App\Jobs\EmailEbook
teste[2017-09-06 22:48:29] Failed: App\Jobs\EmailEbook
[2017-09-06 22:48:41] Failed: App\Jobs\EmailEbook
[2017-09-06 22:48:41] Failed: App\Jobs\EmailEbook
teste[2017-09-06 22:49:18] Failed: App\Jobs\EmailEbook
teste[2017-09-06 22:49:31] Failed: App\Jobs\EmailEbook
[2017-09-06 22:49:43] Failed: App\Jobs\Ebook
[2017-09-06 22:50:08] Failed: App\Jobs\EmailEbook
[2017-09-06 22:50:59] Failed: App\Jobs\EmailEbook
[2017-09-06 22:51:24] Failed: App\Jobs\EmailEbook
[2017-09-06 22:52:43] Failed: App\Jobs\EmailEbook
testetesteteste[2017-09-06 22:55:31] Failed: App\Jobs\Ebook
[2017-09-06 22:56:59] Failed: App\Jobs\EmailEbook
[2017-09-06 22:57:24] Failed: App\Jobs\EmailEbook
[2017-09-06 22:57:49] Failed: App\Jobs\EmailEbook
[2017-09-06 22:58:13] Failed: App\Jobs\EmailEbook
[2017-09-06 22:59:28] Failed: App\Jobs\EmailEbook
[2017-09-06 23:00:29] Failed: App\Jobs\EmailEbook
[2017-09-06 23:00:42] Failed: App\Jobs\EmailEbook
[2017-09-06 23:01:31] Failed: App\Jobs\EmailEbook
[2017-09-06 23:01:43] Failed: App\Jobs\EmailEbook
testetesteteste[2017-09-06 23:03:40] Failed: App\Jobs\Ebook
[2017-09-06 23:03:52] Failed: App\Jobs\EmailEbook
teste[2017-09-06 23:05:23] Failed: App\Jobs\EmailEbook
teste[2017-09-06 23:05:35] Failed: App\Jobs\EmailEbook
teste[2017-09-06 23:05:47] Failed: App\Jobs\Ebook
testetesteteste[2017-09-06 23:06:31] Failed: App\Jobs\Ebook
[2017-09-06 23:08:09] Failed: App\Jobs\EmailEbook
[2017-09-06 23:09:13] Failed: App\Jobs\EmailEbook
[2017-09-06 23:10:27] Processed: App\Jobs\EmailEbook
[2017-09-06 23:10:31] Processed: App\Jobs\EmailEbook
teste[2017-09-06 23:10:47] Processed: App\Jobs\Ebook
teste[2017-09-06 23:10:59] Processed: App\Jobs\Ebook
[2017-09-06 23:11:12] Processed: App\Jobs\EmailEbook
[2017-09-06 23:11:15] Processed: App\Jobs\EmailEbook
[2017-09-06 23:12:02] Processed: App\Jobs\EmailEbook
[2017-09-06 23:13:04] Processed: App\Jobs\EmailEbook
[2017-09-06 23:15:50] Processed: App\Jobs\EmailEbook
[2017-09-06 23:16:13] Processed: App\Jobs\EmailSend
[2017-09-06 23:16:18] Processed: App\Jobs\EmailEbook
[2017-09-06 23:17:06] Processed: App\Jobs\EmailEbook
[2017-09-06 23:17:10] Processed: App\Jobs\EmailEbook
[2017-09-06 23:17:13] Processed: App\Jobs\EmailEbook
[2017-09-06 23:17:29] Processed: App\Jobs\EmailEbook
[2017-09-06 23:17:42] Processed: App\Jobs\EmailEbook
[2017-09-06 23:18:02] Processed: App\Jobs\EmailEbook
[2017-09-06 23:18:59] Processed: App\Jobs\EmailEbook
[2017-09-06 23:19:19] Processed: App\Jobs\EmailEbook
[2017-09-06 23:20:49] Processed: App\Jobs\EmailEbook
[2017-09-06 23:22:26] Processed: App\Jobs\EmailEbook
[2017-09-06 23:22:42] Processed: App\Jobs\EmailEbook
[2017-09-06 23:23:05] Processed: App\Jobs\EmailEbook
[2017-09-06 23:23:15] Processed: App\Jobs\EmailEbook
[2017-09-06 23:24:37] Processed: App\Jobs\EmailEbook
[2017-09-06 23:26:02] Processed: App\Jobs\EmailEbook
[2017-09-06 23:26:51] Processed: App\Jobs\EmailEbook
[2017-09-06 23:27:19] Processed: App\Jobs\EmailEbook
[2017-09-06 23:27:44] Processed: App\Jobs\EmailEbook
[2017-09-06 23:29:25] Processed: App\Jobs\EmailEbook
[2017-09-06 23:30:31] Processed: App\Jobs\EmailEbook
[2017-09-06 23:31:57] Processed: App\Jobs\EmailEbook
[2017-09-06 23:32:03] Processed: App\Jobs\EmailEbook
[2017-09-06 23:32:24] Processed: App\Jobs\EmailEbook
[2017-09-06 23:34:24] Processed: App\Jobs\EmailEbook
[2017-09-06 23:36:22] Processed: App\Jobs\EmailEbook
[2017-09-06 23:37:08] Processed: App\Jobs\EmailEbook
[2017-09-06 23:40:36] Processed: App\Jobs\EmailEbook
[2017-09-06 23:42:14] Processed: App\Jobs\EmailEbook
[2017-09-06 23:44:58] Processed: App\Jobs\EmailEbook
[2017-09-06 23:46:38] Processed: App\Jobs\EmailEbook
[2017-09-06 23:46:42] Processed: App\Jobs\EmailEbook
[2017-09-06 23:48:01] Processed: App\Jobs\EmailEbook
[2017-09-06 23:51:58] Processed: App\Jobs\EmailEbook
[2017-09-06 23:54:57] Processed: App\Jobs\EmailEbook
[2017-09-06 23:55:55] Processed: App\Jobs\EmailEbook
[2017-09-06 23:58:41] Processed: App\Jobs\EmailEbook
[2017-09-07 00:00:11] Processed: App\Jobs\EmailEbook
[2017-09-07 00:00:42] Processed: App\Jobs\EmailEbook
[2017-09-07 00:02:32] Processed: App\Jobs\EmailEbook
[2017-09-07 00:04:40] Processed: App\Jobs\EmailEbook
[2017-09-07 00:05:07] Processed: App\Jobs\EmailEbook
[2017-09-07 00:06:22] Processed: App\Jobs\EmailEbook
[2017-09-07 00:07:50] Processed: App\Jobs\EmailEbook
[2017-09-07 00:07:56] Processed: App\Jobs\EmailEbook
[2017-09-07 00:08:00] Processed: App\Jobs\EmailEbook
[2017-09-07 00:08:03] Processed: App\Jobs\EmailEbook
[2017-09-07 00:08:09] Processed: App\Jobs\EmailEbook
[2017-09-07 00:11:53] Processed: App\Jobs\EmailEbook
[2017-09-07 00:12:06] Processed: App\Jobs\EmailEbook
[2017-09-07 00:13:04] Processed: App\Jobs\EmailEbook
[2017-09-07 00:16:40] Processed: App\Jobs\EmailEbook
[2017-09-07 00:17:28] Processed: App\Jobs\EmailEbook
[2017-09-07 00:19:13] Processed: App\Jobs\EmailEbook
[2017-09-07 00:20:53] Processed: App\Jobs\EmailEbook
[2017-09-07 00:22:42] Processed: App\Jobs\EmailEbook
[2017-09-07 00:24:25] Processed: App\Jobs\EmailEbook
[2017-09-07 00:26:43] Processed: App\Jobs\EmailEbook
[2017-09-07 00:29:37] Processed: App\Jobs\EmailEbook
[2017-09-07 00:30:17] Processed: App\Jobs\EmailEbook
[2017-09-07 00:35:21] Processed: App\Jobs\EmailEbook
[2017-09-07 00:35:25] Processed: App\Jobs\EmailEbook
[2017-09-07 00:35:41] Processed: App\Jobs\EmailEbook
[2017-09-07 00:35:49] Processed: App\Jobs\EmailEbook
[2017-09-07 00:36:01] Processed: App\Jobs\EmailEbook
[2017-09-07 00:36:05] Processed: App\Jobs\EmailEbook
[2017-09-07 00:36:08] Processed: App\Jobs\EmailEbook
[2017-09-07 00:36:12] Processed: App\Jobs\EmailEbook
[2017-09-07 00:36:16] Processed: App\Jobs\EmailEbook
[2017-09-07 00:36:20] Processed: App\Jobs\EmailEbook
[2017-09-07 00:36:34] Processed: App\Jobs\EmailEbook
[2017-09-07 00:36:47] Processed: App\Jobs\EmailEbook
[2017-09-07 00:37:05] Processed: App\Jobs\EmailEbook
[2017-09-07 00:37:09] Processed: App\Jobs\EmailEbook
[2017-09-07 00:37:13] Processed: App\Jobs\EmailEbook
[2017-09-07 00:42:29] Processed: App\Jobs\EmailEbook
[2017-09-07 00:42:37] Processed: App\Jobs\EmailEbook
[2017-09-07 00:42:57] Processed: App\Jobs\EmailEbook
[2017-09-07 00:44:19] Processed: App\Jobs\EmailEbook
[2017-09-07 00:44:27] Processed: App\Jobs\EmailEbook
[2017-09-07 00:45:23] Processed: App\Jobs\EmailEbook
[2017-09-07 00:46:11] Processed: App\Jobs\EmailEbook
[2017-09-07 00:48:08] Processed: App\Jobs\EmailEbook
[2017-09-07 00:48:12] Processed: App\Jobs\EmailEbook
[2017-09-07 00:49:06] Processed: App\Jobs\EmailEbook
[2017-09-07 00:53:48] Processed: App\Jobs\EmailEbook
[2017-09-07 00:53:56] Processed: App\Jobs\EmailEbook
[2017-09-07 00:54:25] Processed: App\Jobs\EmailEbook
[2017-09-07 00:54:32] Processed: App\Jobs\EmailEbook
[2017-09-07 00:58:46] Processed: App\Jobs\EmailEbook
[2017-09-07 00:59:03] Processed: App\Jobs\EmailEbook
[2017-09-07 00:59:21] Processed: App\Jobs\EmailEbook
[2017-09-07 01:00:05] Processed: App\Jobs\EmailEbook
[2017-09-07 01:01:41] Processed: App\Jobs\EmailEbook
[2017-09-07 01:01:47] Processed: App\Jobs\EmailEbook
[2017-09-07 01:02:29] Processed: App\Jobs\EmailEbook
[2017-09-07 01:03:02] Processed: App\Jobs\EmailEbook
[2017-09-07 01:03:06] Processed: App\Jobs\EmailEbook
[2017-09-07 01:03:18] Processed: App\Jobs\EmailEbook
[2017-09-07 01:08:21] Processed: App\Jobs\EmailEbook
[2017-09-07 01:09:38] Processed: App\Jobs\EmailEbook
[2017-09-07 01:10:01] Processed: App\Jobs\EmailEbook
[2017-09-07 01:10:55] Processed: App\Jobs\EmailEbook
[2017-09-07 01:14:19] Processed: App\Jobs\EmailEbook
[2017-09-07 01:15:18] Processed: App\Jobs\EmailEbook
[2017-09-07 01:15:56] Processed: App\Jobs\EmailEbook
[2017-09-07 01:16:18] Processed: App\Jobs\EmailEbook
[2017-09-07 01:17:36] Processed: App\Jobs\EmailEbook
[2017-09-07 01:18:57] Processed: App\Jobs\EmailEbook
[2017-09-07 01:19:13] Processed: App\Jobs\EmailEbook
[2017-09-07 01:19:19] Processed: App\Jobs\EmailEbook
[2017-09-07 01:19:23] Processed: App\Jobs\EmailEbook
[2017-09-07 01:19:43] Processed: App\Jobs\EmailEbook
[2017-09-07 01:21:34] Processed: App\Jobs\EmailEbook
[2017-09-07 01:23:05] Processed: App\Jobs\EmailEbook
[2017-09-07 01:23:47] Processed: App\Jobs\EmailEbook
[2017-09-07 01:24:14] Processed: App\Jobs\EmailEbook
[2017-09-07 01:24:47] Processed: App\Jobs\EmailEbook
[2017-09-07 01:24:51] Processed: App\Jobs\EmailEbook
[2017-09-07 01:25:56] Processed: App\Jobs\EmailEbook
[2017-09-07 01:28:31] Processed: App\Jobs\EmailEbook
[2017-09-07 01:30:18] Failed: App\Jobs\EmailEbook
[2017-09-07 01:30:50] Processed: App\Jobs\EmailEbook
[2017-09-07 01:32:41] Processed: App\Jobs\EmailEbook
[2017-09-07 01:32:57] Processed: App\Jobs\EmailEbook
[2017-09-07 01:33:15] Processed: App\Jobs\EmailEbook
[2017-09-07 01:35:38] Processed: App\Jobs\EmailEbook
[2017-09-07 01:36:32] Processed: App\Jobs\EmailEbook
[2017-09-07 01:37:58] Processed: App\Jobs\EmailEbook
[2017-09-07 01:38:25] Processed: App\Jobs\EmailEbook
[2017-09-07 01:38:48] Processed: App\Jobs\EmailEbook
[2017-09-07 01:41:13] Processed: App\Jobs\EmailEbook
[2017-09-07 01:41:58] Processed: App\Jobs\EmailEbook
[2017-09-07 01:44:09] Processed: App\Jobs\EmailEbook
[2017-09-07 01:45:03] Processed: App\Jobs\EmailEbook
[2017-09-07 01:45:07] Processed: App\Jobs\EmailEbook
[2017-09-07 01:48:01] Processed: App\Jobs\EmailEbook
[2017-09-07 01:48:38] Processed: App\Jobs\EmailEbook
[2017-09-07 01:51:21] Processed: App\Jobs\EmailEbook
[2017-09-07 01:59:41] Processed: App\Jobs\EmailEbook
[2017-09-07 02:02:49] Processed: App\Jobs\EmailEbook
[2017-09-07 02:04:09] Processed: App\Jobs\EmailEbook
[2017-09-07 02:05:03] Processed: App\Jobs\EmailEbook
[2017-09-07 02:08:42] Processed: App\Jobs\EmailEbook
[2017-09-07 02:08:52] Processed: App\Jobs\EmailEbook
[2017-09-07 02:12:38] Processed: App\Jobs\EmailEbook
[2017-09-07 02:14:34] Processed: App\Jobs\EmailEbook
[2017-09-07 02:18:46] Processed: App\Jobs\EmailEbook
[2017-09-07 02:19:13] Processed: App\Jobs\EmailEbook
[2017-09-07 02:19:47] Processed: App\Jobs\EmailEbook
[2017-09-07 02:20:01] Processed: App\Jobs\EmailEbook
[2017-09-07 02:20:07] Processed: App\Jobs\EmailEbook
[2017-09-07 02:20:12] Processed: App\Jobs\EmailEbook
[2017-09-07 02:21:26] Processed: App\Jobs\EmailEbook
[2017-09-07 02:21:31] Processed: App\Jobs\EmailEbook
[2017-09-07 02:22:49] Processed: App\Jobs\EmailEbook
[2017-09-07 02:23:03] Processed: App\Jobs\EmailEbook
[2017-09-07 02:24:04] Processed: App\Jobs\EmailEbook
[2017-09-07 02:24:21] Processed: App\Jobs\EmailEbook
[2017-09-07 02:24:40] Processed: App\Jobs\EmailEbook
[2017-09-07 02:24:43] Processed: App\Jobs\EmailEbook
[2017-09-07 02:26:03] Processed: App\Jobs\EmailEbook
[2017-09-07 02:26:17] Processed: App\Jobs\EmailEbook
[2017-09-07 02:28:40] Processed: App\Jobs\EmailEbook
[2017-09-07 02:28:44] Processed: App\Jobs\EmailEbook
[2017-09-07 02:28:47] Processed: App\Jobs\EmailEbook
[2017-09-07 02:28:51] Processed: App\Jobs\EmailEbook
[2017-09-07 02:28:54] Processed: App\Jobs\EmailEbook
[2017-09-07 02:28:58] Processed: App\Jobs\EmailEbook
[2017-09-07 02:29:02] Processed: App\Jobs\EmailEbook
[2017-09-07 02:29:05] Processed: App\Jobs\EmailEbook
[2017-09-07 02:29:51] Processed: App\Jobs\EmailEbook
[2017-09-07 02:30:32] Processed: App\Jobs\EmailEbook
[2017-09-07 02:31:33] Processed: App\Jobs\EmailEbook
[2017-09-07 02:33:04] Processed: App\Jobs\EmailEbook
[2017-09-07 02:33:07] Processed: App\Jobs\EmailEbook
[2017-09-07 02:35:24] Processed: App\Jobs\EmailEbook
[2017-09-07 02:36:18] Processed: App\Jobs\EmailEbook
[2017-09-07 02:39:27] Processed: App\Jobs\EmailEbook
[2017-09-07 02:39:31] Processed: App\Jobs\EmailEbook
[2017-09-07 02:49:50] Processed: App\Jobs\EmailEbook
[2017-09-07 02:54:44] Processed: App\Jobs\EmailEbook
[2017-09-07 02:57:59] Processed: App\Jobs\EmailEbook
[2017-09-07 03:01:08] Processed: App\Jobs\EmailEbook
[2017-09-07 03:01:37] Processed: App\Jobs\EmailEbook
[2017-09-07 03:01:55] Processed: App\Jobs\EmailEbook
[2017-09-07 03:03:10] Processed: App\Jobs\EmailEbook
[2017-09-07 03:05:52] Processed: App\Jobs\EmailEbook
[2017-09-07 03:09:43] Processed: App\Jobs\EmailEbook
[2017-09-07 03:13:08] Processed: App\Jobs\EmailEbook
[2017-09-07 03:19:51] Processed: App\Jobs\EmailEbook
[2017-09-07 03:20:12] Processed: App\Jobs\EmailEbook
[2017-09-07 03:21:45] Processed: App\Jobs\EmailEbook
[2017-09-07 03:30:55] Processed: App\Jobs\EmailEbook
[2017-09-07 03:34:57] Processed: App\Jobs\EmailEbook
[2017-09-07 03:38:25] Processed: App\Jobs\EmailEbook
[2017-09-07 03:40:44] Processed: App\Jobs\EmailEbook
[2017-09-07 03:42:24] Processed: App\Jobs\EmailEbook
[2017-09-07 03:45:30] Processed: App\Jobs\EmailEbook
[2017-09-07 03:45:49] Processed: App\Jobs\EmailEbook
[2017-09-07 03:46:50] Processed: App\Jobs\EmailEbook
[2017-09-07 03:50:14] Processed: App\Jobs\EmailEbook
[2017-09-07 03:55:05] Processed: App\Jobs\EmailEbook
[2017-09-07 03:55:58] Processed: App\Jobs\EmailEbook
[2017-09-07 03:56:25] Processed: App\Jobs\EmailEbook
[2017-09-07 03:57:19] Processed: App\Jobs\EmailEbook
[2017-09-07 04:03:10] Processed: App\Jobs\EmailEbook
[2017-09-07 04:05:37] Processed: App\Jobs\EmailEbook
[2017-09-07 04:05:41] Processed: App\Jobs\EmailEbook
[2017-09-07 04:06:01] Processed: App\Jobs\EmailEbook
[2017-09-07 04:14:05] Processed: App\Jobs\EmailEbook
[2017-09-07 04:16:41] Processed: App\Jobs\EmailEbook
[2017-09-07 04:18:53] Processed: App\Jobs\EmailEbook
[2017-09-07 04:19:41] Processed: App\Jobs\EmailEbook
[2017-09-07 04:20:02] Processed: App\Jobs\EmailEbook
[2017-09-07 04:20:43] Processed: App\Jobs\EmailEbook
[2017-09-07 04:30:17] Processed: App\Jobs\EmailEbook
[2017-09-07 04:32:00] Processed: App\Jobs\EmailEbook
[2017-09-07 04:34:43] Processed: App\Jobs\EmailEbook
[2017-09-07 04:38:43] Processed: App\Jobs\EmailEbook
[2017-09-07 04:43:07] Processed: App\Jobs\EmailEbook
[2017-09-07 04:43:11] Processed: App\Jobs\EmailEbook
[2017-09-07 04:48:36] Processed: App\Jobs\EmailEbook
[2017-09-07 04:52:21] Processed: App\Jobs\EmailEbook
[2017-09-07 04:57:23] Processed: App\Jobs\EmailEbook
[2017-09-07 05:01:16] Processed: App\Jobs\EmailEbook
[2017-09-07 05:09:25] Processed: App\Jobs\EmailEbook
[2017-09-07 05:13:31] Processed: App\Jobs\EmailEbook
[2017-09-07 05:14:42] Processed: App\Jobs\EmailEbook
[2017-09-07 05:26:10] Processed: App\Jobs\EmailEbook
[2017-09-07 05:32:03] Processed: App\Jobs\EmailEbook
[2017-09-07 05:37:16] Processed: App\Jobs\EmailEbook
[2017-09-07 05:46:33] Processed: App\Jobs\EmailEbook
[2017-09-07 05:50:19] Processed: App\Jobs\EmailEbook
[2017-09-07 05:53:55] Processed: App\Jobs\EmailEbook
[2017-09-07 06:21:17] Processed: App\Jobs\EmailEbook
[2017-09-07 06:55:53] Processed: App\Jobs\EmailEbook
[2017-09-07 08:44:51] Processed: App\Jobs\EmailEbook
[2017-09-07 08:45:20] Processed: App\Jobs\EmailEbook
[2017-09-07 08:52:41] Processed: App\Jobs\EmailEbook
[2017-09-07 09:24:10] Processed: App\Jobs\EmailEbook
[2017-09-07 09:39:46] Processed: App\Jobs\EmailEbook
[2017-09-07 09:41:33] Processed: App\Jobs\EmailEbook
[2017-09-07 09:42:17] Processed: App\Jobs\EmailEbook
[2017-09-07 09:47:51] Processed: App\Jobs\EmailEbook
[2017-09-07 09:56:53] Processed: App\Jobs\EmailEbook
[2017-09-07 10:04:50] Processed: App\Jobs\EmailEbook
[2017-09-07 10:12:56] Processed: App\Jobs\EmailEbook
[2017-09-07 10:18:03] Processed: App\Jobs\EmailEbook
[2017-09-07 10:23:55] Processed: App\Jobs\EmailEbook
[2017-09-07 10:23:58] Processed: App\Jobs\EmailEbook
[2017-09-07 10:33:12] Processed: App\Jobs\EmailEbook
[2017-09-07 10:34:35] Processed: App\Jobs\EmailEbook
[2017-09-07 10:38:53] Processed: App\Jobs\EmailEbook
[2017-09-07 10:41:40] Processed: App\Jobs\EmailEbook
[2017-09-07 10:50:33] Processed: App\Jobs\EmailEbook
[2017-09-07 11:19:43] Processed: App\Jobs\EmailEbook
[2017-09-07 11:23:39] Processed: App\Jobs\EmailEbook
[2017-09-07 11:27:35] Processed: App\Jobs\EmailEbook
[2017-09-07 11:30:25] Processed: App\Jobs\EmailEbook
[2017-09-07 11:31:34] Processed: App\Jobs\EmailEbook
[2017-09-07 11:33:11] Processed: App\Jobs\EmailEbook
[2017-09-07 11:45:43] Processed: App\Jobs\EmailEbook
[2017-09-07 11:48:31] Processed: App\Jobs\EmailEbook
[2017-09-07 11:52:32] Processed: App\Jobs\EmailEbook
[2017-09-07 11:57:58] Processed: App\Jobs\EmailEbook
[2017-09-07 12:03:15] Processed: App\Jobs\EmailEbook
[2017-09-07 12:08:35] Processed: App\Jobs\EmailEbook
[2017-09-07 12:12:07] Processed: App\Jobs\EmailEbook
[2017-09-07 12:12:25] Processed: App\Jobs\EmailEbook
[2017-09-07 12:12:38] Processed: App\Jobs\EmailEbook
[2017-09-07 12:14:52] Processed: App\Jobs\EmailEbook
[2017-09-07 12:16:24] Processed: App\Jobs\EmailEbook
[2017-09-07 12:18:12] Processed: App\Jobs\EmailEbook
[2017-09-07 12:21:08] Processed: App\Jobs\EmailEbook
[2017-09-07 12:23:55] Processed: App\Jobs\EmailEbook
[2017-09-07 12:31:24] Processed: App\Jobs\EmailEbook
[2017-09-07 12:33:33] Processed: App\Jobs\EmailEbook
[2017-09-07 12:36:05] Processed: App\Jobs\EmailEbook
[2017-09-07 12:43:19] Processed: App\Jobs\EmailEbook
[2017-09-07 12:44:38] Processed: App\Jobs\EmailEbook
[2017-09-07 12:45:34] Processed: App\Jobs\EmailEbook
[2017-09-07 12:50:36] Processed: App\Jobs\EmailEbook
[2017-09-07 12:50:56] Processed: App\Jobs\EmailEbook
[2017-09-07 12:51:03] Processed: App\Jobs\EmailEbook
[2017-09-07 13:01:03] Processed: App\Jobs\EmailEbook
[2017-09-07 13:01:06] Processed: App\Jobs\EmailEbook
[2017-09-07 13:01:09] Processed: App\Jobs\EmailEbook
[2017-09-07 13:02:02] Processed: App\Jobs\EmailEbook
[2017-09-07 13:02:55] Processed: App\Jobs\EmailEbook
[2017-09-07 13:03:15] Processed: App\Jobs\EmailEbook
[2017-09-07 13:03:20] Processed: App\Jobs\EmailEbook
[2017-09-07 13:04:01] Processed: App\Jobs\EmailEbook
[2017-09-07 13:04:59] Processed: App\Jobs\EmailEbook
[2017-09-07 13:08:41] Processed: App\Jobs\EmailEbook
[2017-09-07 13:17:15] Processed: App\Jobs\EmailEbook
[2017-09-07 13:28:03] Processed: App\Jobs\EmailEbook
[2017-09-07 13:30:46] Processed: App\Jobs\EmailEbook
[2017-09-07 13:31:40] Processed: App\Jobs\EmailEbook
[2017-09-07 13:32:54] Processed: App\Jobs\EmailEbook
[2017-09-07 13:33:35] Processed: App\Jobs\EmailEbook
[2017-09-07 13:35:34] Processed: App\Jobs\EmailEbook
[2017-09-07 13:36:38] Processed: App\Jobs\EmailEbook
[2017-09-07 13:37:13] Processed: App\Jobs\EmailEbook
[2017-09-07 13:38:13] Processed: App\Jobs\EmailEbook
[2017-09-07 13:38:16] Processed: App\Jobs\EmailEbook
[2017-09-07 13:41:36] Processed: App\Jobs\EmailEbook
[2017-09-07 13:42:26] Processed: App\Jobs\EmailEbook
[2017-09-07 13:43:15] Processed: App\Jobs\EmailEbook
[2017-09-07 13:52:40] Processed: App\Jobs\EmailEbook
[2017-09-07 13:52:43] Processed: App\Jobs\EmailEbook
[2017-09-07 13:52:46] Processed: App\Jobs\EmailEbook
[2017-09-07 14:00:49] Processed: App\Jobs\EmailEbook
[2017-09-07 14:01:59] Processed: App\Jobs\EmailEbook
[2017-09-07 14:06:48] Processed: App\Jobs\EmailEbook
[2017-09-07 14:10:22] Processed: App\Jobs\EmailEbook
[2017-09-07 14:12:18] Processed: App\Jobs\EmailEbook
[2017-09-07 14:13:56] Processed: App\Jobs\EmailEbook
[2017-09-07 14:18:24] Processed: App\Jobs\EmailEbook
[2017-09-07 14:20:19] Processed: App\Jobs\EmailEbook
[2017-09-07 14:31:03] Processed: App\Jobs\EmailEbook
[2017-09-07 14:38:20] Processed: App\Jobs\EmailEbook
[2017-09-07 14:39:03] Processed: App\Jobs\EmailEbook
[2017-09-07 14:39:35] Processed: App\Jobs\EmailEbook
[2017-09-07 14:39:53] Processed: App\Jobs\EmailEbook
[2017-09-07 14:52:20] Processed: App\Jobs\EmailEbook
[2017-09-07 14:53:35] Processed: App\Jobs\EmailEbook
[2017-09-07 14:56:54] Processed: App\Jobs\EmailEbook
[2017-09-07 15:00:44] Processed: App\Jobs\EmailEbook
[2017-09-07 15:04:40] Processed: App\Jobs\EmailEbook
[2017-09-07 15:07:19] Processed: App\Jobs\EmailEbook
[2017-09-07 15:20:03] Processed: App\Jobs\EmailEbook
[2017-09-07 15:24:56] Processed: App\Jobs\EmailEbook
[2017-09-07 15:25:54] Processed: App\Jobs\EmailEbook
[2017-09-07 15:30:08] Processed: App\Jobs\EmailEbook
[2017-09-07 15:31:48] Processed: App\Jobs\EmailEbook
[2017-09-07 15:43:31] Processed: App\Jobs\EmailEbook
[2017-09-07 15:44:00] Processed: App\Jobs\EmailEbook
[2017-09-07 15:45:00] Processed: App\Jobs\EmailEbook
[2017-09-07 16:00:51] Processed: App\Jobs\EmailEbook
[2017-09-07 16:00:54] Processed: App\Jobs\EmailEbook
[2017-09-07 16:02:22] Processed: App\Jobs\EmailEbook
[2017-09-07 16:04:21] Processed: App\Jobs\EmailEbook
[2017-09-07 16:05:00] Processed: App\Jobs\EmailEbook
[2017-09-07 16:09:03] Processed: App\Jobs\EmailEbook
[2017-09-07 16:10:39] Processed: App\Jobs\EmailEbook
[2017-09-07 16:12:59] Processed: App\Jobs\EmailEbook
[2017-09-07 16:17:16] Processed: App\Jobs\EmailEbook
[2017-09-07 16:18:24] Processed: App\Jobs\EmailEbook
[2017-09-07 16:20:39] Processed: App\Jobs\EmailEbook
[2017-09-07 16:24:37] Processed: App\Jobs\EmailEbook
[2017-09-07 16:27:12] Processed: App\Jobs\EmailEbook
[2017-09-07 16:36:15] Processed: App\Jobs\EmailEbook
[2017-09-07 16:44:18] Processed: App\Jobs\EmailEbook
[2017-09-07 16:47:17] Processed: App\Jobs\EmailEbook
[2017-09-07 16:50:07] Processed: App\Jobs\EmailEbook
[2017-09-07 16:58:59] Processed: App\Jobs\EmailEbook
[2017-09-07 16:59:04] Processed: App\Jobs\EmailEbook
[2017-09-07 17:04:14] Processed: App\Jobs\EmailEbook
[2017-09-07 17:04:30] Processed: App\Jobs\EmailEbook
[2017-09-07 17:06:33] Processed: App\Jobs\EmailEbook
[2017-09-07 17:13:28] Processed: App\Jobs\EmailEbook
[2017-09-07 17:24:54] Processed: App\Jobs\EmailEbook
[2017-09-07 17:26:09] Processed: App\Jobs\EmailEbook
[2017-09-07 17:26:12] Processed: App\Jobs\EmailEbook
[2017-09-07 17:30:55] Processed: App\Jobs\EmailEbook
[2017-09-07 17:31:01] Processed: App\Jobs\EmailEbook
[2017-09-07 17:34:02] Processed: App\Jobs\EmailEbook
[2017-09-07 17:38:48] Processed: App\Jobs\EmailEbook
[2017-09-07 17:40:34] Processed: App\Jobs\EmailEbook
[2017-09-07 17:47:29] Processed: App\Jobs\EmailEbook
[2017-09-07 17:52:29] Processed: App\Jobs\EmailEbook
[2017-09-07 17:53:45] Processed: App\Jobs\EmailEbook
[2017-09-07 17:54:39] Processed: App\Jobs\EmailEbook
[2017-09-07 17:55:05] Processed: App\Jobs\EmailEbook
[2017-09-07 17:55:23] Processed: App\Jobs\EmailEbook
[2017-09-07 17:56:08] Processed: App\Jobs\EmailEbook
[2017-09-07 17:56:12] Processed: App\Jobs\EmailEbook
[2017-09-07 17:56:53] Processed: App\Jobs\EmailEbook
[2017-09-07 17:57:25] Processed: App\Jobs\EmailEbook
[2017-09-07 17:58:47] Processed: App\Jobs\EmailEbook
[2017-09-07 17:58:50] Processed: App\Jobs\EmailEbook
[2017-09-07 17:59:26] Processed: App\Jobs\EmailEbook
[2017-09-07 17:59:29] Processed: App\Jobs\EmailEbook
[2017-09-07 18:00:54] Processed: App\Jobs\EmailEbook
[2017-09-07 18:04:03] Processed: App\Jobs\EmailEbook
[2017-09-07 18:04:17] Processed: App\Jobs\EmailEbook
[2017-09-07 18:06:05] Processed: App\Jobs\EmailEbook
[2017-09-07 18:06:18] Processed: App\Jobs\EmailEbook
[2017-09-07 18:06:49] Processed: App\Jobs\EmailEbook
[2017-09-07 18:07:28] Processed: App\Jobs\EmailEbook
[2017-09-07 18:07:31] Processed: App\Jobs\EmailEbook
[2017-09-07 18:08:31] Processed: App\Jobs\EmailEbook
[2017-09-07 18:08:43] Processed: App\Jobs\EmailEbook
[2017-09-07 18:09:18] Processed: App\Jobs\EmailEbook
[2017-09-07 18:09:25] Processed: App\Jobs\EmailEbook
[2017-09-07 18:09:39] Processed: App\Jobs\EmailEbook
[2017-09-07 18:09:48] Processed: App\Jobs\EmailEbook
[2017-09-07 18:09:51] Processed: App\Jobs\EmailEbook
[2017-09-07 18:10:30] Processed: App\Jobs\EmailEbook
[2017-09-07 18:10:54] Processed: App\Jobs\EmailEbook
[2017-09-07 18:12:23] Processed: App\Jobs\EmailEbook
[2017-09-07 18:13:13] Processed: App\Jobs\EmailEbook
[2017-09-07 18:13:41] Processed: App\Jobs\EmailEbook
[2017-09-07 18:17:56] Processed: App\Jobs\EmailEbook
[2017-09-07 18:17:59] Processed: App\Jobs\EmailEbook
[2017-09-07 18:20:02] Processed: App\Jobs\EmailEbook
[2017-09-07 18:21:54] Processed: App\Jobs\EmailEbook
[2017-09-07 18:23:59] Processed: App\Jobs\EmailEbook
[2017-09-07 18:24:05] Processed: App\Jobs\EmailEbook
[2017-09-07 18:26:27] Processed: App\Jobs\EmailEbook
[2017-09-07 18:29:46] Processed: App\Jobs\EmailEbook
[2017-09-07 18:30:31] Processed: App\Jobs\EmailEbook
[2017-09-07 18:32:24] Processed: App\Jobs\EmailEbook
[2017-09-07 18:32:52] Processed: App\Jobs\EmailEbook
[2017-09-07 18:32:55] Processed: App\Jobs\EmailEbook
[2017-09-07 18:32:58] Processed: App\Jobs\EmailEbook
[2017-09-07 18:33:58] Processed: App\Jobs\EmailEbook
[2017-09-07 18:35:49] Processed: App\Jobs\EmailEbook
[2017-09-07 18:37:41] Processed: App\Jobs\EmailEbook
[2017-09-07 18:38:44] Processed: App\Jobs\EmailEbook
[2017-09-07 18:39:21] Processed: App\Jobs\EmailEbook
[2017-09-07 18:40:30] Processed: App\Jobs\EmailEbook
[2017-09-07 18:41:45] Processed: App\Jobs\EmailEbook
[2017-09-07 18:41:52] Processed: App\Jobs\EmailEbook
[2017-09-07 18:42:18] Processed: App\Jobs\EmailEbook
[2017-09-07 18:43:12] Processed: App\Jobs\EmailEbook
[2017-09-07 18:43:57] Processed: App\Jobs\EmailEbook
[2017-09-07 18:44:52] Processed: App\Jobs\EmailEbook
[2017-09-07 18:45:02] Processed: App\Jobs\EmailEbook
[2017-09-07 18:46:57] Processed: App\Jobs\EmailEbook
[2017-09-07 18:47:36] Processed: App\Jobs\EmailEbook
[2017-09-07 18:48:02] Processed: App\Jobs\EmailEbook
[2017-09-07 18:48:20] Processed: App\Jobs\EmailEbook
[2017-09-07 18:49:10] Processed: App\Jobs\EmailEbook
[2017-09-07 18:49:15] Processed: App\Jobs\EmailEbook
[2017-09-07 18:49:26] Processed: App\Jobs\EmailEbook
[2017-09-07 18:49:32] Processed: App\Jobs\EmailEbook
[2017-09-07 18:49:47] Processed: App\Jobs\EmailEbook
[2017-09-07 18:49:51] Processed: App\Jobs\EmailEbook
[2017-09-07 18:49:54] Processed: App\Jobs\EmailEbook
[2017-09-07 18:49:57] Processed: App\Jobs\EmailEbook
[2017-09-07 18:53:01] Processed: App\Jobs\EmailEbook
[2017-09-07 18:55:06] Processed: App\Jobs\EmailEbook
[2017-09-07 18:59:19] Processed: App\Jobs\EmailEbook
[2017-09-07 18:59:37] Processed: App\Jobs\EmailEbook
[2017-09-07 18:59:41] Processed: App\Jobs\EmailEbook
[2017-09-07 19:00:32] Processed: App\Jobs\EmailEbook
[2017-09-07 19:01:07] Processed: App\Jobs\EmailEbook
[2017-09-07 19:04:28] Processed: App\Jobs\EmailEbook
[2017-09-07 19:04:57] Processed: App\Jobs\EmailEbook
[2017-09-07 19:07:48] Processed: App\Jobs\EmailEbook
[2017-09-07 19:07:51] Processed: App\Jobs\EmailEbook
[2017-09-07 19:08:20] Processed: App\Jobs\EmailEbook
[2017-09-07 19:11:24] Processed: App\Jobs\EmailEbook
[2017-09-07 19:11:50] Processed: App\Jobs\EmailEbook
[2017-09-07 19:14:04] Processed: App\Jobs\EmailEbook
[2017-09-07 19:14:09] Processed: App\Jobs\EmailEbook
[2017-09-07 19:14:15] Processed: App\Jobs\EmailEbook
[2017-09-07 19:17:02] Processed: App\Jobs\EmailEbook
[2017-09-07 19:19:30] Processed: App\Jobs\EmailEbook
[2017-09-07 19:19:37] Processed: App\Jobs\EmailEbook
[2017-09-07 19:20:37] Processed: App\Jobs\EmailEbook
[2017-09-07 19:21:23] Processed: App\Jobs\EmailEbook
[2017-09-07 19:21:58] Processed: App\Jobs\EmailEbook
[2017-09-07 19:22:18] Processed: App\Jobs\EmailEbook
[2017-09-07 19:22:21] Processed: App\Jobs\EmailEbook
[2017-09-07 19:22:31] Processed: App\Jobs\EmailEbook
[2017-09-07 19:25:24] Processed: App\Jobs\EmailEbook
[2017-09-07 19:26:01] Processed: App\Jobs\EmailEbook
[2017-09-07 19:26:13] Processed: App\Jobs\EmailEbook
[2017-09-07 19:27:00] Processed: App\Jobs\EmailEbook
[2017-09-07 19:27:12] Processed: App\Jobs\EmailEbook
[2017-09-07 19:27:36] Processed: App\Jobs\EmailEbook
[2017-09-07 19:29:39] Processed: App\Jobs\EmailEbook
[2017-09-07 19:29:55] Processed: App\Jobs\EmailEbook
[2017-09-07 19:30:43] Processed: App\Jobs\EmailEbook
[2017-09-07 19:31:18] Processed: App\Jobs\EmailEbook
[2017-09-07 19:31:47] Processed: App\Jobs\EmailEbook
[2017-09-07 19:32:04] Processed: App\Jobs\EmailEbook
[2017-09-07 19:33:59] Processed: App\Jobs\EmailEbook
[2017-09-07 19:35:58] Processed: App\Jobs\EmailEbook
[2017-09-07 19:36:48] Processed: App\Jobs\EmailEbook
[2017-09-07 19:37:41] Processed: App\Jobs\EmailEbook
[2017-09-07 19:38:22] Processed: App\Jobs\EmailEbook
[2017-09-07 19:38:46] Processed: App\Jobs\EmailEbook
[2017-09-07 19:41:32] Processed: App\Jobs\EmailEbook
[2017-09-07 19:41:50] Processed: App\Jobs\EmailEbook
[2017-09-07 19:43:59] Processed: App\Jobs\EmailEbook
[2017-09-07 19:45:37] Processed: App\Jobs\EmailEbook
[2017-09-07 19:46:01] Processed: App\Jobs\EmailEbook
[2017-09-07 19:48:17] Processed: App\Jobs\EmailEbook
[2017-09-07 19:48:25] Processed: App\Jobs\EmailEbook
[2017-09-07 19:49:20] Processed: App\Jobs\EmailEbook
[2017-09-07 19:49:34] Processed: App\Jobs\EmailEbook
[2017-09-07 19:49:56] Processed: App\Jobs\EmailEbook
[2017-09-07 19:50:18] Processed: App\Jobs\EmailEbook
[2017-09-07 19:50:47] Processed: App\Jobs\EmailEbook
[2017-09-07 19:55:38] Processed: App\Jobs\EmailEbook
[2017-09-07 19:55:50] Processed: App\Jobs\EmailEbook
[2017-09-07 19:56:43] Processed: App\Jobs\EmailEbook
[2017-09-07 19:56:47] Processed: App\Jobs\EmailEbook
[2017-09-07 19:57:57] Processed: App\Jobs\EmailEbook
[2017-09-07 19:58:59] Processed: App\Jobs\EmailEbook
[2017-09-07 19:59:46] Processed: App\Jobs\EmailEbook
[2017-09-07 20:04:57] Processed: App\Jobs\EmailEbook
[2017-09-07 20:06:01] Processed: App\Jobs\EmailEbook
[2017-09-07 20:06:27] Processed: App\Jobs\EmailEbook
[2017-09-07 20:06:49] Processed: App\Jobs\EmailEbook
[2017-09-07 20:07:16] Processed: App\Jobs\EmailEbook
[2017-09-07 20:07:36] Processed: App\Jobs\EmailEbook
[2017-09-07 20:07:42] Processed: App\Jobs\EmailEbook
[2017-09-07 20:08:21] Processed: App\Jobs\EmailEbook
[2017-09-07 20:12:22] Processed: App\Jobs\EmailEbook
[2017-09-07 20:12:40] Processed: App\Jobs\EmailEbook
[2017-09-07 20:12:45] Processed: App\Jobs\EmailEbook
[2017-09-07 20:13:07] Processed: App\Jobs\EmailEbook
[2017-09-07 20:14:30] Processed: App\Jobs\EmailEbook
[2017-09-07 20:22:16] Processed: App\Jobs\EmailEbook
[2017-09-07 20:26:02] Processed: App\Jobs\EmailEbook
[2017-09-07 20:28:47] Processed: App\Jobs\EmailEbook
[2017-09-07 20:29:40] Processed: App\Jobs\EmailEbook
[2017-09-07 20:33:18] Processed: App\Jobs\EmailEbook
[2017-09-07 20:34:10] Processed: App\Jobs\EmailEbook
[2017-09-07 20:35:37] Processed: App\Jobs\EmailEbook
[2017-09-07 20:38:39] Processed: App\Jobs\EmailEbook
[2017-09-07 20:38:56] Processed: App\Jobs\EmailEbook
[2017-09-07 20:38:59] Processed: App\Jobs\EmailEbook
[2017-09-07 20:39:26] Processed: App\Jobs\EmailEbook
[2017-09-07 20:39:53] Processed: App\Jobs\EmailEbook
[2017-09-07 20:41:37] Processed: App\Jobs\EmailEbook
[2017-09-07 20:44:26] Processed: App\Jobs\EmailEbook
[2017-09-07 20:44:33] Processed: App\Jobs\EmailEbook
[2017-09-07 20:47:52] Processed: App\Jobs\EmailEbook
[2017-09-07 20:49:26] Processed: App\Jobs\EmailEbook
[2017-09-07 20:51:21] Processed: App\Jobs\EmailEbook
[2017-09-07 20:52:04] Processed: App\Jobs\EmailEbook
[2017-09-07 20:52:07] Processed: App\Jobs\EmailEbook
[2017-09-07 20:52:10] Processed: App\Jobs\EmailEbook
[2017-09-07 20:53:10] Processed: App\Jobs\EmailEbook
[2017-09-07 20:54:29] Processed: App\Jobs\EmailEbook
[2017-09-07 20:57:15] Processed: App\Jobs\EmailEbook
[2017-09-07 20:57:18] Processed: App\Jobs\EmailEbook
[2017-09-07 20:58:05] Processed: App\Jobs\EmailEbook
[2017-09-07 21:00:23] Processed: App\Jobs\EmailEbook
[2017-09-07 21:03:54] Processed: App\Jobs\EmailEbook
[2017-09-07 21:04:12] Processed: App\Jobs\EmailEbook
[2017-09-07 21:08:30] Processed: App\Jobs\EmailEbook
[2017-09-07 21:08:43] Processed: App\Jobs\EmailEbook
[2017-09-07 21:10:32] Processed: App\Jobs\EmailEbook
[2017-09-07 21:15:27] Processed: App\Jobs\EmailEbook
[2017-09-07 21:16:46] Processed: App\Jobs\EmailEbook
[2017-09-07 21:19:04] Processed: App\Jobs\EmailEbook
[2017-09-07 21:19:31] Processed: App\Jobs\EmailEbook
[2017-09-07 21:20:08] Processed: App\Jobs\EmailEbook
[2017-09-07 21:25:50] Processed: App\Jobs\EmailEbook
[2017-09-07 21:30:28] Processed: App\Jobs\EmailEbook
[2017-09-07 21:33:28] Processed: App\Jobs\EmailEbook
[2017-09-07 21:34:07] Processed: App\Jobs\EmailEbook
[2017-09-07 21:35:11] Processed: App\Jobs\EmailEbook
[2017-09-07 21:36:03] Processed: App\Jobs\EmailEbook
[2017-09-07 21:36:06] Processed: App\Jobs\EmailEbook
[2017-09-07 21:36:24] Processed: App\Jobs\EmailEbook
[2017-09-07 21:36:46] Processed: App\Jobs\EmailEbook
[2017-09-07 21:38:05] Processed: App\Jobs\EmailEbook
[2017-09-07 21:38:14] Processed: App\Jobs\EmailEbook
[2017-09-07 21:38:17] Processed: App\Jobs\EmailEbook
[2017-09-07 21:40:29] Processed: App\Jobs\EmailEbook
[2017-09-07 21:41:50] Processed: App\Jobs\EmailEbook
[2017-09-07 21:42:20] Processed: App\Jobs\EmailEbook
[2017-09-07 21:42:51] Processed: App\Jobs\EmailEbook
[2017-09-07 21:43:32] Processed: App\Jobs\EmailEbook
[2017-09-07 21:44:15] Processed: App\Jobs\EmailEbook
[2017-09-07 21:45:00] Processed: App\Jobs\EmailEbook
[2017-09-07 21:45:05] Processed: App\Jobs\EmailEbook
[2017-09-07 21:45:12] Processed: App\Jobs\EmailEbook
[2017-09-07 21:47:05] Processed: App\Jobs\EmailEbook
[2017-09-07 21:47:50] Processed: App\Jobs\EmailEbook
[2017-09-07 21:48:42] Processed: App\Jobs\EmailEbook
[2017-09-07 21:51:23] Processed: App\Jobs\EmailEbook
[2017-09-07 21:52:08] Processed: App\Jobs\EmailEbook
[2017-09-07 21:52:11] Processed: App\Jobs\EmailEbook
[2017-09-07 21:52:14] Processed: App\Jobs\EmailEbook
[2017-09-07 21:53:36] Processed: App\Jobs\EmailEbook
[2017-09-07 21:57:46] Processed: App\Jobs\EmailEbook
[2017-09-07 21:57:59] Processed: App\Jobs\EmailEbook
[2017-09-07 22:01:54] Processed: App\Jobs\EmailEbook
[2017-09-07 22:02:02] Processed: App\Jobs\EmailEbook
[2017-09-07 22:03:56] Processed: App\Jobs\EmailEbook
[2017-09-07 22:04:20] Processed: App\Jobs\EmailEbook
[2017-09-07 22:04:40] Processed: App\Jobs\EmailEbook
[2017-09-07 22:05:05] Processed: App\Jobs\EmailEbook
[2017-09-07 22:05:08] Processed: App\Jobs\EmailEbook
[2017-09-07 22:05:11] Processed: App\Jobs\EmailEbook
[2017-09-07 22:05:18] Processed: App\Jobs\EmailEbook
[2017-09-07 22:10:09] Processed: App\Jobs\EmailEbook
[2017-09-07 22:11:28] Processed: App\Jobs\EmailEbook
[2017-09-07 22:16:57] Processed: App\Jobs\EmailEbook
[2017-09-07 22:19:38] Processed: App\Jobs\EmailEbook
[2017-09-07 22:22:18] Processed: App\Jobs\EmailEbook
[2017-09-07 22:22:21] Processed: App\Jobs\EmailEbook
[2017-09-07 22:29:00] Processed: App\Jobs\EmailEbook
[2017-09-07 22:32:21] Processed: App\Jobs\EmailEbook
[2017-09-07 22:34:37] Processed: App\Jobs\EmailEbook
[2017-09-07 22:34:57] Processed: App\Jobs\EmailEbook
[2017-09-07 22:37:23] Processed: App\Jobs\EmailEbook
[2017-09-07 22:41:01] Processed: App\Jobs\EmailEbook
[2017-09-07 22:43:52] Processed: App\Jobs\EmailEbook
[2017-09-07 22:45:53] Processed: App\Jobs\EmailEbook
[2017-09-07 22:47:12] Processed: App\Jobs\EmailEbook
[2017-09-07 22:48:58] Processed: App\Jobs\EmailEbook
[2017-09-07 22:49:33] Processed: App\Jobs\EmailEbook
[2017-09-07 22:49:36] Processed: App\Jobs\EmailEbook
[2017-09-07 22:51:18] Processed: App\Jobs\EmailEbook
[2017-09-07 22:51:57] Processed: App\Jobs\EmailEbook
[2017-09-07 22:53:52] Processed: App\Jobs\EmailEbook
[2017-09-07 22:53:55] Processed: App\Jobs\EmailEbook
[2017-09-07 22:54:59] Processed: App\Jobs\EmailEbook
[2017-09-07 22:55:38] Processed: App\Jobs\EmailEbook
[2017-09-07 22:57:30] Processed: App\Jobs\EmailEbook
[2017-09-07 22:58:43] Processed: App\Jobs\EmailEbook
[2017-09-07 23:00:02] Processed: App\Jobs\EmailEbook
[2017-09-07 23:01:08] Processed: App\Jobs\EmailEbook
[2017-09-07 23:04:54] Processed: App\Jobs\EmailEbook
[2017-09-07 23:07:35] Processed: App\Jobs\EmailEbook
[2017-09-07 23:08:41] Processed: App\Jobs\EmailEbook
[2017-09-07 23:10:42] Processed: App\Jobs\EmailEbook
[2017-09-07 23:13:12] Processed: App\Jobs\EmailEbook
[2017-09-07 23:14:42] Processed: App\Jobs\EmailEbook
[2017-09-07 23:15:44] Processed: App\Jobs\EmailEbook
[2017-09-07 23:15:47] Processed: App\Jobs\EmailEbook
[2017-09-07 23:18:30] Processed: App\Jobs\EmailEbook
[2017-09-07 23:19:09] Processed: App\Jobs\EmailEbook
[2017-09-07 23:19:50] Processed: App\Jobs\EmailEbook
[2017-09-07 23:19:53] Processed: App\Jobs\EmailEbook
[2017-09-07 23:20:26] Processed: App\Jobs\EmailEbook
[2017-09-07 23:20:42] Processed: App\Jobs\EmailEbook
[2017-09-07 23:21:42] Processed: App\Jobs\EmailEbook
[2017-09-07 23:21:49] Processed: App\Jobs\EmailEbook
[2017-09-07 23:25:04] Processed: App\Jobs\EmailSend
[2017-09-07 23:29:13] Processed: App\Jobs\EmailEbook
[2017-09-07 23:30:27] Processed: App\Jobs\EmailEbook
[2017-09-07 23:31:37] Processed: App\Jobs\EmailEbook
[2017-09-07 23:40:13] Processed: App\Jobs\EmailEbook
[2017-09-07 23:42:59] Processed: App\Jobs\EmailEbook
[2017-09-07 23:46:19] Processed: App\Jobs\EmailEbook
[2017-09-07 23:49:57] Processed: App\Jobs\EmailEbook
[2017-09-07 23:51:05] Processed: App\Jobs\EmailEbook
[2017-09-07 23:56:41] Processed: App\Jobs\EmailEbook
[2017-09-07 23:59:28] Processed: App\Jobs\EmailEbook
[2017-09-07 23:59:31] Processed: App\Jobs\EmailEbook
[2017-09-08 00:06:05] Processed: App\Jobs\EmailEbook
[2017-09-08 00:13:25] Processed: App\Jobs\EmailEbook
[2017-09-08 00:14:04] Processed: App\Jobs\EmailEbook
[2017-09-08 00:14:18] Processed: App\Jobs\EmailEbook
[2017-09-08 00:14:52] Processed: App\Jobs\EmailEbook
[2017-09-08 00:18:07] Processed: App\Jobs\EmailEbook
[2017-09-08 00:19:13] Processed: App\Jobs\EmailEbook
[2017-09-08 00:19:41] Processed: App\Jobs\EmailEbook
[2017-09-08 00:19:49] Processed: App\Jobs\EmailEbook
[2017-09-08 00:31:36] Processed: App\Jobs\EmailEbook
[2017-09-08 00:31:49] Processed: App\Jobs\EmailEbook
[2017-09-08 00:32:32] Processed: App\Jobs\EmailEbook
[2017-09-08 00:33:36] Processed: App\Jobs\EmailEbook
[2017-09-08 00:34:57] Processed: App\Jobs\EmailEbook
[2017-09-08 00:39:17] Processed: App\Jobs\EmailEbook
[2017-09-08 00:41:16] Processed: App\Jobs\EmailEbook
[2017-09-08 00:41:59] Processed: App\Jobs\EmailEbook
[2017-09-08 00:43:53] Processed: App\Jobs\EmailEbook
[2017-09-08 00:45:49] Processed: App\Jobs\EmailEbook
[2017-09-08 00:46:09] Processed: App\Jobs\EmailEbook
[2017-09-08 00:48:42] Processed: App\Jobs\EmailEbook
[2017-09-08 00:49:37] Processed: App\Jobs\EmailEbook
[2017-09-08 00:50:35] Processed: App\Jobs\EmailEbook
[2017-09-08 00:51:44] Processed: App\Jobs\EmailEbook
[2017-09-08 00:53:38] Processed: App\Jobs\EmailEbook
[2017-09-08 00:54:05] Processed: App\Jobs\EmailEbook
[2017-09-08 00:54:27] Processed: App\Jobs\EmailEbook
[2017-09-08 00:56:17] Processed: App\Jobs\EmailEbook
[2017-09-08 00:56:22] Processed: App\Jobs\EmailEbook
[2017-09-08 01:00:23] Processed: App\Jobs\EmailEbook
[2017-09-08 01:04:01] Processed: App\Jobs\EmailEbook
[2017-09-08 01:05:20] Processed: App\Jobs\EmailEbook
[2017-09-08 01:05:46] Processed: App\Jobs\EmailEbook
[2017-09-08 01:08:54] Processed: App\Jobs\EmailEbook
[2017-09-08 01:10:05] Processed: App\Jobs\EmailEbook
[2017-09-08 01:10:27] Processed: App\Jobs\EmailEbook
[2017-09-08 01:10:38] Processed: App\Jobs\EmailEbook
[2017-09-08 01:17:32] Processed: App\Jobs\EmailEbook
[2017-09-08 01:19:05] Processed: App\Jobs\EmailEbook
[2017-09-08 01:19:59] Processed: App\Jobs\EmailEbook
[2017-09-08 01:21:16] Processed: App\Jobs\EmailEbook
[2017-09-08 01:21:50] Processed: App\Jobs\EmailEbook
[2017-09-08 01:23:28] Processed: App\Jobs\EmailEbook
[2017-09-08 01:24:01] Processed: App\Jobs\EmailEbook
[2017-09-08 01:26:33] Processed: App\Jobs\EmailEbook
[2017-09-08 01:27:53] Processed: App\Jobs\EmailEbook
[2017-09-08 01:28:44] Processed: App\Jobs\EmailEbook
[2017-09-08 01:29:08] Processed: App\Jobs\EmailEbook
[2017-09-08 01:33:13] Processed: App\Jobs\EmailEbook
[2017-09-08 01:35:29] Processed: App\Jobs\EmailEbook
[2017-09-08 01:35:47] Processed: App\Jobs\EmailEbook
[2017-09-08 01:35:54] Processed: App\Jobs\EmailEbook
[2017-09-08 01:38:07] Processed: App\Jobs\EmailEbook
[2017-09-08 01:39:31] Processed: App\Jobs\EmailEbook
[2017-09-08 01:41:38] Processed: App\Jobs\EmailEbook
[2017-09-08 01:42:21] Processed: App\Jobs\EmailEbook
[2017-09-08 01:42:24] Processed: App\Jobs\EmailEbook
[2017-09-08 01:42:44] Processed: App\Jobs\EmailEbook
[2017-09-08 01:43:57] Processed: App\Jobs\EmailEbook
[2017-09-08 01:44:19] Processed: App\Jobs\EmailEbook
[2017-09-08 01:44:22] Processed: App\Jobs\EmailEbook
[2017-09-08 01:45:47] Processed: App\Jobs\EmailEbook
[2017-09-08 01:46:59] Processed: App\Jobs\EmailEbook
[2017-09-08 01:48:16] Processed: App\Jobs\EmailEbook
[2017-09-08 01:48:40] Processed: App\Jobs\EmailEbook
[2017-09-08 01:48:54] Processed: App\Jobs\EmailEbook
[2017-09-08 01:49:01] Processed: App\Jobs\EmailEbook
[2017-09-08 01:49:15] Processed: App\Jobs\EmailEbook
[2017-09-08 01:50:04] Processed: App\Jobs\EmailEbook
[2017-09-08 01:52:36] Processed: App\Jobs\EmailEbook
[2017-09-08 01:54:06] Processed: App\Jobs\EmailEbook
[2017-09-08 01:55:35] Processed: App\Jobs\EmailEbook
[2017-09-08 01:56:33] Processed: App\Jobs\EmailEbook
[2017-09-08 01:59:07] Processed: App\Jobs\EmailEbook
[2017-09-08 01:59:15] Processed: App\Jobs\EmailEbook
[2017-09-08 02:05:06] Processed: App\Jobs\EmailEbook
[2017-09-08 02:06:21] Processed: App\Jobs\EmailEbook
[2017-09-08 02:08:07] Processed: App\Jobs\EmailEbook
[2017-09-08 02:08:14] Processed: App\Jobs\EmailEbook
[2017-09-08 02:08:46] Processed: App\Jobs\EmailEbook
[2017-09-08 02:09:21] Processed: App\Jobs\EmailEbook
[2017-09-08 02:11:14] Processed: App\Jobs\EmailEbook
[2017-09-08 02:13:04] Processed: App\Jobs\EmailEbook
[2017-09-08 02:14:13] Processed: App\Jobs\EmailEbook
[2017-09-08 02:16:45] Processed: App\Jobs\EmailEbook
[2017-09-08 02:20:27] Processed: App\Jobs\EmailEbook
[2017-09-08 02:20:43] Processed: App\Jobs\EmailEbook
[2017-09-08 02:21:55] Processed: App\Jobs\EmailEbook
[2017-09-08 02:22:38] Processed: App\Jobs\EmailEbook
[2017-09-08 02:23:40] Processed: App\Jobs\EmailEbook
[2017-09-08 02:25:29] Processed: App\Jobs\EmailEbook
[2017-09-08 02:30:30] Processed: App\Jobs\EmailEbook
[2017-09-08 02:32:19] Processed: App\Jobs\EmailEbook
[2017-09-08 02:32:22] Processed: App\Jobs\EmailEbook
[2017-09-08 02:33:24] Processed: App\Jobs\EmailEbook
[2017-09-08 02:34:21] Processed: App\Jobs\EmailEbook
[2017-09-08 02:35:36] Processed: App\Jobs\EmailEbook
[2017-09-08 02:35:45] Processed: App\Jobs\EmailEbook
[2017-09-08 02:36:45] Processed: App\Jobs\EmailEbook
[2017-09-08 02:38:08] Processed: App\Jobs\EmailEbook
[2017-09-08 02:42:57] Processed: App\Jobs\EmailEbook
[2017-09-08 02:45:07] Processed: App\Jobs\EmailEbook
[2017-09-08 02:47:10] Processed: App\Jobs\EmailEbook
[2017-09-08 02:47:26] Processed: App\Jobs\EmailEbook
[2017-09-08 02:53:56] Processed: App\Jobs\EmailEbook
[2017-09-08 02:59:35] Processed: App\Jobs\EmailEbook
[2017-09-08 03:00:56] Processed: App\Jobs\EmailEbook
[2017-09-08 03:01:01] Processed: App\Jobs\EmailEbook
[2017-09-08 03:03:57] Processed: App\Jobs\EmailEbook
[2017-09-08 03:04:36] Processed: App\Jobs\EmailEbook
[2017-09-08 03:05:42] Processed: App\Jobs\EmailEbook
[2017-09-08 03:06:38] Processed: App\Jobs\EmailEbook
[2017-09-08 03:12:19] Processed: App\Jobs\EmailEbook
[2017-09-08 03:13:44] Processed: App\Jobs\EmailEbook
[2017-09-08 03:19:17] Processed: App\Jobs\EmailEbook
[2017-09-08 03:19:50] Processed: App\Jobs\EmailEbook
[2017-09-08 03:20:06] Processed: App\Jobs\EmailEbook
[2017-09-08 03:41:56] Processed: App\Jobs\EmailEbook
[2017-09-08 03:42:12] Processed: App\Jobs\EmailEbook
[2017-09-08 03:42:59] Processed: App\Jobs\EmailEbook
[2017-09-08 03:43:11] Processed: App\Jobs\EmailEbook
[2017-09-08 03:54:52] Processed: App\Jobs\EmailEbook
[2017-09-08 03:55:44] Processed: App\Jobs\EmailEbook
[2017-09-08 04:00:28] Processed: App\Jobs\EmailEbook
[2017-09-08 04:01:01] Processed: App\Jobs\EmailEbook
[2017-09-08 04:01:21] Processed: App\Jobs\EmailEbook
[2017-09-08 04:08:42] Processed: App\Jobs\EmailEbook
[2017-09-08 04:10:51] Processed: App\Jobs\EmailEbook
[2017-09-08 04:21:31] Processed: App\Jobs\EmailEbook
[2017-09-08 04:43:53] Processed: App\Jobs\EmailEbook
[2017-09-08 04:44:07] Processed: App\Jobs\EmailEbook
[2017-09-08 04:45:01] Processed: App\Jobs\EmailEbook
[2017-09-08 04:48:21] Processed: App\Jobs\EmailEbook
[2017-09-08 05:10:11] Processed: App\Jobs\EmailEbook
[2017-09-08 05:44:32] Processed: App\Jobs\EmailEbook
[2017-09-08 05:52:14] Processed: App\Jobs\EmailEbook
[2017-09-08 05:53:05] Processed: App\Jobs\EmailEbook
[2017-09-08 06:29:41] Processed: App\Jobs\EmailEbook
[2017-09-08 06:30:55] Processed: App\Jobs\EmailEbook
[2017-09-08 07:01:21] Processed: App\Jobs\EmailEbook
[2017-09-08 07:20:19] Processed: App\Jobs\EmailEbook
[2017-09-08 08:19:59] Processed: App\Jobs\EmailEbook
[2017-09-08 08:20:03] Processed: App\Jobs\EmailEbook
[2017-09-08 08:26:35] Processed: App\Jobs\EmailEbook
[2017-09-08 08:38:35] Processed: App\Jobs\EmailEbook
[2017-09-08 08:39:34] Processed: App\Jobs\EmailEbook
[2017-09-08 08:49:16] Processed: App\Jobs\EmailEbook
[2017-09-08 09:14:50] Processed: App\Jobs\EmailEbook
[2017-09-08 09:16:12] Processed: App\Jobs\EmailEbook
[2017-09-08 09:23:04] Processed: App\Jobs\EmailEbook
[2017-09-08 09:36:57] Processed: App\Jobs\EmailEbook
[2017-09-08 09:39:19] Processed: App\Jobs\EmailEbook
[2017-09-08 09:43:33] Processed: App\Jobs\EmailEbook
[2017-09-08 09:44:28] Processed: App\Jobs\EmailEbook
[2017-09-08 09:45:45] Processed: App\Jobs\EmailEbook
[2017-09-08 09:48:32] Processed: App\Jobs\EmailEbook
[2017-09-08 09:57:33] Processed: App\Jobs\EmailEbook
[2017-09-08 10:00:16] Processed: App\Jobs\EmailEbook
[2017-09-08 10:02:53] Processed: App\Jobs\EmailEbook
[2017-09-08 10:07:23] Processed: App\Jobs\EmailEbook
[2017-09-08 10:12:46] Processed: App\Jobs\EmailEbook
[2017-09-08 10:16:44] Processed: App\Jobs\EmailEbook
[2017-09-08 10:19:10] Processed: App\Jobs\EmailEbook
[2017-09-08 10:19:30] Processed: App\Jobs\EmailEbook
[2017-09-08 10:21:12] Processed: App\Jobs\EmailEbook
[2017-09-08 10:25:04] Processed: App\Jobs\EmailEbook
[2017-09-08 10:28:11] Processed: App\Jobs\EmailEbook
[2017-09-08 10:30:31] Processed: App\Jobs\EmailEbook
[2017-09-08 10:33:06] Processed: App\Jobs\EmailEbook
[2017-09-08 10:33:19] Processed: App\Jobs\EmailEbook
[2017-09-08 10:34:40] Processed: App\Jobs\EmailEbook
[2017-09-08 10:36:01] Processed: App\Jobs\EmailEbook
[2017-09-08 10:41:11] Processed: App\Jobs\EmailEbook
[2017-09-08 10:41:41] Processed: App\Jobs\EmailEbook
[2017-09-08 10:44:18] Processed: App\Jobs\EmailEbook
[2017-09-08 10:44:32] Processed: App\Jobs\EmailEbook
[2017-09-08 10:44:43] Processed: App\Jobs\EmailEbook
[2017-09-08 10:49:43] Processed: App\Jobs\EmailEbook
[2017-09-08 10:56:14] Failed: App\Jobs\EmailEbook
[2017-09-08 11:00:44] Processed: App\Jobs\EmailEbook
[2017-09-08 11:03:54] Processed: App\Jobs\EmailEbook
[2017-09-08 11:08:04] Processed: App\Jobs\EmailEbook
[2017-09-08 11:10:00] Processed: App\Jobs\EmailEbook
[2017-09-08 11:11:21] Processed: App\Jobs\EmailEbook
[2017-09-08 11:14:40] Processed: App\Jobs\EmailEbook
[2017-09-08 11:15:40] Processed: App\Jobs\EmailEbook
[2017-09-08 11:16:09] Processed: App\Jobs\EmailEbook
[2017-09-08 11:17:23] Processed: App\Jobs\EmailEbook
[2017-09-08 11:21:16] Processed: App\Jobs\EmailEbook
[2017-09-08 11:23:21] Processed: App\Jobs\EmailEbook
[2017-09-08 11:24:08] Processed: App\Jobs\EmailEbook
[2017-09-08 11:29:08] Processed: App\Jobs\EmailEbook
[2017-09-08 11:34:47] Processed: App\Jobs\EmailEbook
[2017-09-08 11:37:47] Processed: App\Jobs\EmailEbook
[2017-09-08 11:43:04] Processed: App\Jobs\EmailEbook
[2017-09-08 11:43:19] Processed: App\Jobs\EmailEbook
[2017-09-08 11:44:40] Processed: App\Jobs\EmailEbook
[2017-09-08 11:46:56] Processed: App\Jobs\EmailEbook
[2017-09-08 11:51:32] Processed: App\Jobs\EmailEbook
[2017-09-08 11:53:44] Processed: App\Jobs\EmailEbook
[2017-09-08 11:54:41] Processed: App\Jobs\EmailEbook
[2017-09-08 11:55:04] Processed: App\Jobs\EmailEbook
[2017-09-08 12:00:27] Processed: App\Jobs\EmailEbook
[2017-09-08 12:02:17] Processed: App\Jobs\EmailEbook
[2017-09-08 12:02:33] Processed: App\Jobs\EmailEbook
[2017-09-08 12:07:26] Processed: App\Jobs\EmailEbook
[2017-09-08 12:09:04] Processed: App\Jobs\EmailEbook
[2017-09-08 12:12:14] Processed: App\Jobs\EmailEbook
[2017-09-08 12:13:56] Processed: App\Jobs\EmailEbook
[2017-09-08 12:14:03] Processed: App\Jobs\EmailEbook
[2017-09-08 12:15:05] Processed: App\Jobs\EmailEbook
[2017-09-08 12:18:14] Processed: App\Jobs\EmailEbook
[2017-09-08 12:22:29] Processed: App\Jobs\EmailEbook
[2017-09-08 12:24:45] Processed: App\Jobs\EmailEbook
[2017-09-08 12:25:41] Processed: App\Jobs\EmailEbook
[2017-09-08 12:25:52] Processed: App\Jobs\EmailEbook
[2017-09-08 12:25:59] Processed: App\Jobs\EmailEbook
[2017-09-08 12:26:32] Processed: App\Jobs\EmailEbook
[2017-09-08 12:26:41] Processed: App\Jobs\EmailEbook
[2017-09-08 12:28:11] Processed: App\Jobs\EmailEbook
[2017-09-08 12:28:14] Processed: App\Jobs\EmailEbook
[2017-09-08 12:29:41] Processed: App\Jobs\EmailEbook
[2017-09-08 12:30:13] Processed: App\Jobs\EmailEbook
[2017-09-08 12:32:29] Processed: App\Jobs\EmailEbook
[2017-09-08 12:32:53] Processed: App\Jobs\EmailEbook
[2017-09-08 12:36:12] Processed: App\Jobs\EmailEbook
[2017-09-08 12:38:21] Processed: App\Jobs\EmailEbook
[2017-09-08 12:42:32] Processed: App\Jobs\EmailEbook
[2017-09-08 12:44:40] Processed: App\Jobs\EmailEbook
[2017-09-08 12:48:57] Processed: App\Jobs\EmailEbook
[2017-09-08 12:49:17] Processed: App\Jobs\EmailEbook
[2017-09-08 12:53:14] Processed: App\Jobs\EmailEbook
[2017-09-08 12:53:21] Processed: App\Jobs\EmailEbook
[2017-09-08 12:53:28] Processed: App\Jobs\EmailEbook
[2017-09-08 12:53:36] Processed: App\Jobs\EmailEbook
[2017-09-08 12:54:57] Processed: App\Jobs\EmailEbook
[2017-09-08 13:03:23] Processed: App\Jobs\EmailEbook
[2017-09-08 13:04:08] Processed: App\Jobs\EmailEbook
[2017-09-08 13:10:50] Processed: App\Jobs\EmailEbook
[2017-09-08 13:11:15] Processed: App\Jobs\EmailEbook
[2017-09-08 13:12:46] Processed: App\Jobs\EmailEbook
[2017-09-08 13:15:14] Processed: App\Jobs\EmailEbook
[2017-09-08 13:16:19] Processed: App\Jobs\EmailEbook
[2017-09-08 13:17:37] Processed: App\Jobs\EmailEbook
[2017-09-08 13:18:06] Processed: App\Jobs\EmailEbook
[2017-09-08 13:23:56] Processed: App\Jobs\EmailEbook
[2017-09-08 13:27:15] Processed: App\Jobs\EmailEbook
[2017-09-08 13:27:47] Processed: App\Jobs\EmailEbook
[2017-09-08 13:29:19] Processed: App\Jobs\EmailEbook
[2017-09-08 13:31:07] Processed: App\Jobs\EmailEbook
[2017-09-08 13:31:51] Processed: App\Jobs\EmailEbook
[2017-09-08 13:32:51] Processed: App\Jobs\EmailEbook
[2017-09-08 13:33:21] Processed: App\Jobs\EmailEbook
[2017-09-08 13:33:37] Processed: App\Jobs\EmailEbook
[2017-09-08 13:40:36] Processed: App\Jobs\EmailEbook
[2017-09-08 13:41:00] Processed: App\Jobs\EmailEbook
[2017-09-08 13:45:35] Processed: App\Jobs\EmailEbook
[2017-09-08 13:51:16] Processed: App\Jobs\EmailEbook
[2017-09-08 13:52:41] Processed: App\Jobs\EmailEbook
[2017-09-08 13:55:39] Processed: App\Jobs\EmailEbook
[2017-09-08 13:57:25] Processed: App\Jobs\EmailEbook
[2017-09-08 13:57:51] Processed: App\Jobs\EmailEbook
[2017-09-08 14:07:01] Processed: App\Jobs\EmailEbook
[2017-09-08 14:12:13] Processed: App\Jobs\EmailEbook
[2017-09-08 14:14:16] Processed: App\Jobs\EmailEbook
[2017-09-08 14:14:44] Processed: App\Jobs\EmailEbook
[2017-09-08 14:14:47] Processed: App\Jobs\EmailEbook
[2017-09-08 14:18:48] Processed: App\Jobs\EmailEbook
[2017-09-08 14:18:51] Processed: App\Jobs\EmailEbook
[2017-09-08 14:20:37] Processed: App\Jobs\EmailEbook
[2017-09-08 14:20:44] Processed: App\Jobs\EmailEbook
[2017-09-08 14:28:20] Processed: App\Jobs\EmailEbook
[2017-09-08 14:34:04] Processed: App\Jobs\EmailEbook
[2017-09-08 14:40:31] Processed: App\Jobs\EmailEbook
[2017-09-08 14:43:39] Processed: App\Jobs\EmailEbook
[2017-09-08 14:43:59] Processed: App\Jobs\EmailEbook
[2017-09-08 14:51:09] Processed: App\Jobs\EmailEbook
[2017-09-08 14:51:33] Processed: App\Jobs\EmailEbook
[2017-09-08 14:54:06] Processed: App\Jobs\EmailEbook
[2017-09-08 14:55:45] Processed: App\Jobs\EmailEbook
[2017-09-08 14:58:24] Processed: App\Jobs\EmailEbook
[2017-09-08 15:03:19] Processed: App\Jobs\EmailEbook
[2017-09-08 15:08:17] Processed: App\Jobs\EmailEbook
[2017-09-08 15:17:48] Processed: App\Jobs\EmailEbook
[2017-09-08 15:20:46] Processed: App\Jobs\EmailEbook
[2017-09-08 15:21:27] Processed: App\Jobs\EmailEbook
[2017-09-08 15:21:40] Processed: App\Jobs\EmailEbook
[2017-09-08 15:30:25] Processed: App\Jobs\EmailEbook
[2017-09-08 16:00:06] Processed: App\Jobs\EmailEbook
[2017-09-08 16:05:48] Processed: App\Jobs\EmailEbook
[2017-09-08 16:06:42] Processed: App\Jobs\EmailSend
[2017-09-08 16:26:44] Processed: App\Jobs\EmailEbook
[2017-09-08 16:27:46] Processed: App\Jobs\EmailEbook
[2017-09-08 16:31:47] Processed: App\Jobs\EmailEbook
[2017-09-08 16:34:53] Processed: App\Jobs\EmailEbook
[2017-09-08 16:35:00] Processed: App\Jobs\EmailEbook
[2017-09-08 16:39:01] Processed: App\Jobs\EmailEbook
[2017-09-08 16:41:04] Processed: App\Jobs\EmailEbook
[2017-09-08 16:45:17] Processed: App\Jobs\EmailEbook
[2017-09-08 16:50:07] Processed: App\Jobs\EmailEbook
[2017-09-08 16:58:09] Processed: App\Jobs\EmailEbook
[2017-09-08 17:00:40] Processed: App\Jobs\EmailEbook
[2017-09-08 17:03:25] Processed: App\Jobs\EmailEbook
[2017-09-08 17:03:55] Processed: App\Jobs\EmailEbook
[2017-09-08 17:04:43] Processed: App\Jobs\EmailEbook
[2017-09-08 17:08:16] Processed: App\Jobs\EmailEbook
[2017-09-08 17:08:19] Processed: App\Jobs\EmailEbook
[2017-09-08 17:09:04] Processed: App\Jobs\EmailEbook
[2017-09-08 17:12:50] Processed: App\Jobs\EmailEbook
[2017-09-08 17:19:14] Processed: App\Jobs\EmailEbook
[2017-09-08 17:21:38] Processed: App\Jobs\EmailEbook
[2017-09-08 17:24:02] Processed: App\Jobs\EmailEbook
[2017-09-08 17:28:02] Processed: App\Jobs\EmailEbook
[2017-09-08 17:38:16] Processed: App\Jobs\EmailEbook
[2017-09-08 17:47:17] Processed: App\Jobs\EmailEbook
[2017-09-08 17:49:32] Processed: App\Jobs\EmailEbook
[2017-09-08 18:26:52] Processed: App\Jobs\EmailEbook
[2017-09-08 18:27:35] Processed: App\Jobs\EmailEbook
[2017-09-08 18:27:43] Processed: App\Jobs\EmailEbook
[2017-09-08 18:28:58] Processed: App\Jobs\EmailEbook
[2017-09-08 18:29:10] Processed: App\Jobs\EmailEbook
[2017-09-08 18:38:38] Processed: App\Jobs\EmailEbook
[2017-09-08 18:39:02] Processed: App\Jobs\EmailEbook
[2017-09-08 18:39:14] Processed: App\Jobs\EmailEbook
[2017-09-08 18:44:20] Processed: App\Jobs\EmailEbook
[2017-09-08 18:44:52] Processed: App\Jobs\EmailEbook
[2017-09-08 18:45:27] Processed: App\Jobs\EmailEbook
[2017-09-08 18:46:12] Processed: App\Jobs\EmailEbook
[2017-09-08 18:46:24] Processed: App\Jobs\EmailEbook
[2017-09-08 18:46:31] Processed: App\Jobs\EmailEbook
[2017-09-08 18:48:47] Processed: App\Jobs\EmailEbook
[2017-09-08 18:51:13] Processed: App\Jobs\EmailEbook
[2017-09-08 18:57:17] Processed: App\Jobs\EmailEbook
[2017-09-08 19:00:17] Processed: App\Jobs\EmailEbook
[2017-09-08 19:02:28] Processed: App\Jobs\EmailEbook
[2017-09-08 19:13:35] Processed: App\Jobs\EmailEbook
[2017-09-08 19:16:44] Processed: App\Jobs\EmailEbook
[2017-09-08 19:25:32] Processed: App\Jobs\EmailEbook
[2017-09-08 19:25:35] Processed: App\Jobs\EmailEbook
[2017-09-08 19:37:16] Processed: App\Jobs\EmailEbook
[2017-09-08 19:41:46] Processed: App\Jobs\EmailEbook
[2017-09-08 19:55:00] Processed: App\Jobs\EmailEbook
[2017-09-08 19:59:37] Processed: App\Jobs\EmailEbook
[2017-09-08 20:03:42] Processed: App\Jobs\EmailEbook
[2017-09-08 20:17:23] Processed: App\Jobs\EmailEbook
[2017-09-08 20:33:24] Processed: App\Jobs\EmailEbook
[2017-09-08 21:06:06] Processed: App\Jobs\EmailEbook
[2017-09-08 21:13:45] Processed: App\Jobs\EmailEbook
[2017-09-08 21:13:48] Processed: App\Jobs\EmailEbook
[2017-09-08 21:14:10] Processed: App\Jobs\EmailEbook
[2017-09-08 21:18:32] Processed: App\Jobs\EmailEbook
[2017-09-08 21:30:57] Processed: App\Jobs\EmailEbook
[2017-09-08 21:31:00] Processed: App\Jobs\EmailEbook
[2017-09-08 21:32:04] Processed: App\Jobs\EmailEbook
[2017-09-08 21:34:11] Processed: App\Jobs\EmailEbook
[2017-09-08 21:41:33] Processed: App\Jobs\EmailEbook
[2017-09-08 21:43:09] Processed: App\Jobs\EmailEbook
[2017-09-08 21:44:15] Processed: App\Jobs\EmailEbook
[2017-09-08 21:55:35] Processed: App\Jobs\EmailEbook
[2017-09-08 21:57:23] Processed: App\Jobs\EmailEbook
[2017-09-08 22:13:36] Processed: App\Jobs\EmailEbook
[2017-09-08 22:28:49] Processed: App\Jobs\EmailEbook
[2017-09-08 22:45:03] Processed: App\Jobs\EmailEbook
[2017-09-08 22:54:01] Processed: App\Jobs\EmailEbook
[2017-09-08 22:54:06] Processed: App\Jobs\EmailEbook
[2017-09-08 23:00:51] Processed: App\Jobs\EmailEbook
[2017-09-08 23:01:23] Processed: App\Jobs\EmailEbook
[2017-09-08 23:39:55] Processed: App\Jobs\EmailEbook
[2017-09-09 00:02:07] Processed: App\Jobs\EmailEbook
[2017-09-09 00:07:17] Processed: App\Jobs\EmailEbook
[2017-09-09 00:15:25] Processed: App\Jobs\EmailEbook
[2017-09-09 00:42:04] Processed: App\Jobs\EmailEbook
[2017-09-09 00:43:06] Processed: App\Jobs\EmailEbook
[2017-09-09 00:54:54] Processed: App\Jobs\EmailEbook
[2017-09-09 00:55:07] Processed: App\Jobs\EmailEbook
[2017-09-09 01:12:01] Processed: App\Jobs\EmailEbook
[2017-09-09 01:26:20] Processed: App\Jobs\EmailEbook
[2017-09-09 01:47:37] Processed: App\Jobs\EmailEbook
[2017-09-09 01:59:28] Processed: App\Jobs\EmailEbook
[2017-09-09 02:01:09] Processed: App\Jobs\EmailEbook
[2017-09-09 02:33:16] Processed: App\Jobs\EmailEbook
[2017-09-09 02:40:02] Processed: App\Jobs\EmailEbook
[2017-09-09 03:57:44] Processed: App\Jobs\EmailEbook
[2017-09-09 04:11:37] Processed: App\Jobs\EmailEbook
[2017-09-09 04:35:04] Processed: App\Jobs\EmailEbook
[2017-09-09 05:02:14] Processed: App\Jobs\EmailEbook
[2017-09-09 05:56:13] Processed: App\Jobs\EmailEbook
[2017-09-09 08:39:01] Processed: App\Jobs\EmailEbook
[2017-09-09 09:37:28] Processed: App\Jobs\EmailEbook
[2017-09-09 09:43:26] Processed: App\Jobs\EmailEbook
[2017-09-09 09:43:48] Processed: App\Jobs\EmailEbook
[2017-09-09 10:28:08] Processed: App\Jobs\EmailEbook
[2017-09-09 10:44:45] Processed: App\Jobs\EmailEbook
[2017-09-09 10:56:33] Processed: App\Jobs\EmailEbook
[2017-09-09 11:04:37] Processed: App\Jobs\EmailEbook
[2017-09-09 11:08:30] Processed: App\Jobs\EmailEbook
[2017-09-09 11:28:52] Processed: App\Jobs\EmailEbook
[2017-09-09 11:40:35] Processed: App\Jobs\EmailEbook
[2017-09-09 11:51:51] Processed: App\Jobs\EmailEbook
[2017-09-09 12:26:48] Processed: App\Jobs\EmailEbook
[2017-09-09 12:31:39] Processed: App\Jobs\EmailEbook
[2017-09-09 12:31:48] Processed: App\Jobs\EmailEbook
[2017-09-09 12:31:51] Processed: App\Jobs\EmailEbook
[2017-09-09 12:32:03] Processed: App\Jobs\EmailEbook
[2017-09-09 12:40:31] Processed: App\Jobs\EmailEbook
[2017-09-09 12:49:57] Processed: App\Jobs\EmailEbook
[2017-09-09 13:01:53] Processed: App\Jobs\EmailEbook
[2017-09-09 13:18:43] Processed: App\Jobs\EmailEbook
[2017-09-09 13:20:37] Processed: App\Jobs\EmailEbook
[2017-09-09 13:36:58] Processed: App\Jobs\EmailEbook
[2017-09-09 13:37:14] Processed: App\Jobs\EmailEbook
[2017-09-09 13:44:23] Processed: App\Jobs\EmailEbook
[2017-09-09 13:44:42] Processed: App\Jobs\EmailEbook
[2017-09-09 13:49:50] Processed: App\Jobs\EmailEbook
[2017-09-09 14:00:51] Processed: App\Jobs\EmailEbook
[2017-09-09 14:05:29] Processed: App\Jobs\EmailEbook
[2017-09-09 14:05:32] Processed: App\Jobs\EmailEbook
[2017-09-09 14:10:30] Processed: App\Jobs\EmailEbook
[2017-09-09 14:11:20] Processed: App\Jobs\EmailEbook
[2017-09-09 14:11:39] Processed: App\Jobs\EmailEbook
[2017-09-09 14:25:54] Processed: App\Jobs\EmailEbook
[2017-09-09 14:43:13] Processed: App\Jobs\EmailEbook
[2017-09-09 14:45:01] Processed: App\Jobs\EmailEbook
[2017-09-09 14:54:57] Processed: App\Jobs\EmailEbook
[2017-09-09 15:00:24] Processed: App\Jobs\EmailEbook
[2017-09-09 15:46:17] Processed: App\Jobs\EmailEbook
[2017-09-09 16:04:28] Processed: App\Jobs\EmailEbook
[2017-09-09 16:06:20] Processed: App\Jobs\EmailEbook
[2017-09-09 16:09:09] Processed: App\Jobs\EmailEbook
[2017-09-09 16:09:38] Processed: App\Jobs\EmailEbook
[2017-09-09 16:23:42] Processed: App\Jobs\EmailEbook
[2017-09-09 16:24:14] Processed: App\Jobs\EmailEbook
[2017-09-09 16:26:20] Processed: App\Jobs\EmailSend
[2017-09-09 16:30:54] Processed: App\Jobs\EmailEbook
[2017-09-09 16:34:15] Processed: App\Jobs\EmailEbook
[2017-09-09 17:12:26] Processed: App\Jobs\EmailEbook
[2017-09-09 17:12:49] Processed: App\Jobs\EmailEbook
[2017-09-09 17:27:24] Processed: App\Jobs\EmailEbook
[2017-09-09 17:39:11] Processed: App\Jobs\EmailEbook
[2017-09-09 17:42:49] Processed: App\Jobs\EmailEbook
[2017-09-09 17:55:14] Processed: App\Jobs\EmailEbook
[2017-09-09 17:55:45] Processed: App\Jobs\EmailEbook
[2017-09-09 17:56:51] Processed: App\Jobs\EmailEbook
[2017-09-09 17:57:36] Processed: App\Jobs\EmailEbook
[2017-09-09 18:11:47] Processed: App\Jobs\EmailEbook
[2017-09-09 18:11:56] Processed: App\Jobs\EmailEbook
[2017-09-09 18:14:22] Processed: App\Jobs\EmailEbook
[2017-09-09 18:17:33] Processed: App\Jobs\EmailEbook
[2017-09-09 18:53:10] Processed: App\Jobs\EmailEbook
[2017-09-09 18:58:43] Processed: App\Jobs\EmailEbook
[2017-09-09 18:58:56] Processed: App\Jobs\EmailEbook
[2017-09-09 19:00:11] Processed: App\Jobs\EmailEbook
[2017-09-09 19:26:44] Processed: App\Jobs\EmailEbook
[2017-09-09 19:28:01] Processed: App\Jobs\EmailEbook
[2017-09-09 19:47:47] Processed: App\Jobs\EmailEbook
[2017-09-09 19:47:50] Processed: App\Jobs\EmailEbook
[2017-09-09 19:47:55] Processed: App\Jobs\EmailEbook
[2017-09-09 19:50:17] Processed: App\Jobs\EmailEbook
[2017-09-09 20:01:43] Processed: App\Jobs\EmailEbook
[2017-09-09 20:09:56] Processed: App\Jobs\EmailEbook
[2017-09-09 20:10:00] Processed: App\Jobs\EmailEbook
[2017-09-09 20:10:20] Processed: App\Jobs\EmailEbook
[2017-09-09 20:15:05] Processed: App\Jobs\EmailEbook
[2017-09-09 20:29:02] Processed: App\Jobs\EmailEbook
[2017-09-09 20:34:55] Processed: App\Jobs\EmailEbook
[2017-09-09 20:43:04] Processed: App\Jobs\EmailEbook
[2017-09-09 20:46:22] Processed: App\Jobs\EmailEbook
[2017-09-09 20:47:22] Processed: App\Jobs\EmailEbook
[2017-09-09 20:52:56] Processed: App\Jobs\EmailEbook
[2017-09-09 20:57:51] Processed: App\Jobs\EmailEbook
[2017-09-09 21:10:08] Processed: App\Jobs\EmailEbook
[2017-09-09 21:42:45] Processed: App\Jobs\EmailEbook
[2017-09-09 21:58:00] Processed: App\Jobs\EmailEbook
[2017-09-09 21:59:00] Processed: App\Jobs\EmailEbook
[2017-09-09 22:14:13] Processed: App\Jobs\EmailEbook
[2017-09-09 22:19:04] Processed: App\Jobs\EmailEbook
[2017-09-09 22:34:01] Processed: App\Jobs\EmailEbook
[2017-09-09 22:39:47] Processed: App\Jobs\EmailEbook
[2017-09-09 22:45:10] Processed: App\Jobs\EmailEbook
[2017-09-09 22:50:35] Processed: App\Jobs\EmailEbook
[2017-09-09 23:36:06] Processed: App\Jobs\EmailEbook
[2017-09-09 23:57:54] Processed: App\Jobs\EmailEbook
[2017-09-10 00:16:07] Processed: App\Jobs\EmailEbook
[2017-09-10 00:23:10] Processed: App\Jobs\EmailEbook
[2017-09-10 00:28:10] Processed: App\Jobs\EmailEbook
[2017-09-10 00:35:15] Processed: App\Jobs\EmailEbook
[2017-09-10 00:35:31] Processed: App\Jobs\EmailEbook
[2017-09-10 00:35:49] Processed: App\Jobs\EmailEbook
[2017-09-10 00:36:02] Processed: App\Jobs\EmailEbook
[2017-09-10 00:36:14] Processed: App\Jobs\EmailEbook
[2017-09-10 00:36:32] Processed: App\Jobs\EmailEbook
[2017-09-10 00:36:53] Processed: App\Jobs\EmailEbook
[2017-09-10 00:37:44] Processed: App\Jobs\EmailEbook
[2017-09-10 00:41:34] Processed: App\Jobs\EmailEbook
[2017-09-10 00:53:58] Processed: App\Jobs\EmailEbook
[2017-09-10 01:07:15] Processed: App\Jobs\EmailEbook
[2017-09-10 01:47:02] Processed: App\Jobs\EmailEbook
[2017-09-10 01:47:24] Processed: App\Jobs\EmailEbook
[2017-09-10 01:47:52] Processed: App\Jobs\EmailEbook
[2017-09-10 01:56:28] Processed: App\Jobs\EmailEbook
[2017-09-10 01:59:45] Processed: App\Jobs\EmailEbook
[2017-09-10 02:24:30] Processed: App\Jobs\EmailEbook
[2017-09-10 02:31:13] Processed: App\Jobs\EmailEbook
[2017-09-10 02:31:31] Processed: App\Jobs\EmailEbook
[2017-09-10 02:52:55] Processed: App\Jobs\EmailEbook
[2017-09-10 03:11:51] Processed: App\Jobs\EmailEbook
[2017-09-10 03:20:40] Processed: App\Jobs\EmailEbook
[2017-09-10 03:38:33] Processed: App\Jobs\EmailEbook
[2017-09-10 03:48:33] Processed: App\Jobs\EmailEbook
[2017-09-10 04:08:16] Processed: App\Jobs\EmailEbook
[2017-09-10 04:10:31] Processed: App\Jobs\EmailEbook
[2017-09-10 04:43:03] Processed: App\Jobs\EmailEbook
[2017-09-10 05:46:22] Processed: App\Jobs\EmailEbook
[2017-09-10 09:50:04] Processed: App\Jobs\EmailEbook
[2017-09-10 09:53:03] Processed: App\Jobs\EmailEbook
[2017-09-10 10:00:20] Processed: App\Jobs\EmailEbook
[2017-09-10 10:50:24] Processed: App\Jobs\EmailEbook
[2017-09-10 10:59:16] Processed: App\Jobs\EmailEbook
[2017-09-10 11:11:46] Processed: App\Jobs\EmailEbook
[2017-09-10 11:13:03] Processed: App\Jobs\EmailEbook
[2017-09-10 11:43:20] Processed: App\Jobs\EmailEbook
[2017-09-10 11:46:18] Processed: App\Jobs\EmailEbook
[2017-09-10 12:16:25] Processed: App\Jobs\EmailEbook
[2017-09-10 12:20:19] Processed: App\Jobs\EmailEbook
[2017-09-10 12:31:08] Processed: App\Jobs\EmailEbook
[2017-09-10 12:36:45] Processed: App\Jobs\EmailEbook
[2017-09-10 12:48:30] Processed: App\Jobs\EmailEbook
[2017-09-10 12:58:18] Processed: App\Jobs\EmailEbook
[2017-09-10 13:03:00] Processed: App\Jobs\EmailEbook
[2017-09-10 13:03:46] Processed: App\Jobs\EmailEbook
[2017-09-10 13:15:29] Processed: App\Jobs\EmailEbook
[2017-09-10 13:24:32] Processed: App\Jobs\EmailEbook
[2017-09-10 13:24:36] Processed: App\Jobs\EmailEbook
[2017-09-10 13:39:54] Processed: App\Jobs\EmailEbook
[2017-09-10 13:58:49] Processed: App\Jobs\EmailEbook
[2017-09-10 14:08:16] Processed: App\Jobs\EmailEbook
[2017-09-10 14:14:57] Processed: App\Jobs\EmailEbook
[2017-09-10 14:15:10] Processed: App\Jobs\EmailEbook
[2017-09-10 14:15:22] Processed: App\Jobs\EmailEbook
[2017-09-10 14:16:05] Processed: App\Jobs\EmailEbook
[2017-09-10 14:16:15] Processed: App\Jobs\EmailEbook
[2017-09-10 14:27:20] Processed: App\Jobs\EmailEbook
[2017-09-10 14:32:51] Processed: App\Jobs\EmailEbook
[2017-09-10 14:55:56] Processed: App\Jobs\EmailEbook
[2017-09-10 15:10:31] Processed: App\Jobs\EmailEbook
[2017-09-10 15:17:03] Processed: App\Jobs\EmailEbook
[2017-09-10 15:56:23] Processed: App\Jobs\EmailEbook
[2017-09-10 16:06:44] Processed: App\Jobs\EmailEbook
[2017-09-10 16:17:09] Processed: App\Jobs\EmailEbook
[2017-09-10 16:41:09] Processed: App\Jobs\EmailEbook
[2017-09-10 16:49:30] Processed: App\Jobs\EmailEbook
[2017-09-10 17:01:14] Processed: App\Jobs\EmailEbook
[2017-09-10 17:16:31] Processed: App\Jobs\EmailEbook
[2017-09-10 17:20:47] Processed: App\Jobs\EmailEbook
[2017-09-10 17:38:50] Processed: App\Jobs\EmailEbook
[2017-09-10 17:38:55] Processed: App\Jobs\EmailEbook
[2017-09-10 17:42:18] Processed: App\Jobs\EmailEbook
[2017-09-10 17:54:03] Processed: App\Jobs\EmailEbook
[2017-09-10 17:56:17] Processed: App\Jobs\EmailEbook
[2017-09-10 18:00:41] Processed: App\Jobs\EmailEbook
[2017-09-10 18:09:59] Processed: App\Jobs\EmailEbook
[2017-09-10 18:21:40] Processed: App\Jobs\EmailEbook
[2017-09-10 18:54:29] Processed: App\Jobs\EmailEbook
[2017-09-10 19:06:25] Processed: App\Jobs\EmailEbook
[2017-09-10 19:06:53] Processed: App\Jobs\EmailEbook
[2017-09-10 19:11:32] Processed: App\Jobs\EmailEbook
[2017-09-10 19:25:40] Processed: App\Jobs\EmailEbook
[2017-09-10 19:48:30] Processed: App\Jobs\EmailEbook
[2017-09-10 19:59:48] Processed: App\Jobs\EmailEbook
[2017-09-10 20:10:43] Processed: App\Jobs\EmailEbook
[2017-09-10 20:11:22] Processed: App\Jobs\EmailEbook
[2017-09-10 20:46:31] Processed: App\Jobs\EmailEbook
[2017-09-10 21:29:23] Processed: App\Jobs\EmailEbook
[2017-09-10 21:29:43] Processed: App\Jobs\EmailEbook
[2017-09-10 21:47:49] Processed: App\Jobs\EmailEbook
[2017-09-10 22:48:36] Processed: App\Jobs\EmailEbook
[2017-09-10 22:59:56] Processed: App\Jobs\EmailEbook
[2017-09-10 23:01:36] Processed: App\Jobs\EmailEbook
[2017-09-10 23:02:44] Processed: App\Jobs\EmailEbook
[2017-09-10 23:02:58] Processed: App\Jobs\EmailEbook
[2017-09-10 23:05:32] Processed: App\Jobs\EmailEbook
[2017-09-10 23:06:37] Processed: App\Jobs\EmailEbook
[2017-09-10 23:25:51] Processed: App\Jobs\EmailEbook
[2017-09-10 23:33:45] Processed: App\Jobs\EmailEbook
[2017-09-10 23:45:03] Processed: App\Jobs\EmailEbook
[2017-09-10 23:59:40] Processed: App\Jobs\EmailEbook
[2017-09-11 00:06:14] Processed: App\Jobs\EmailEbook
[2017-09-11 00:13:41] Processed: App\Jobs\EmailEbook
[2017-09-11 00:20:32] Processed: App\Jobs\EmailEbook
[2017-09-11 01:02:13] Processed: App\Jobs\EmailEbook
[2017-09-11 01:10:57] Processed: App\Jobs\EmailEbook
[2017-09-11 02:00:56] Processed: App\Jobs\EmailEbook
[2017-09-11 02:01:25] Processed: App\Jobs\EmailEbook
[2017-09-11 02:27:14] Processed: App\Jobs\EmailEbook
[2017-09-11 02:42:38] Processed: App\Jobs\EmailEbook
[2017-09-11 04:33:24] Processed: App\Jobs\EmailEbook
[2017-09-11 04:51:23] Processed: App\Jobs\EmailEbook
[2017-09-11 07:59:33] Processed: App\Jobs\EmailEbook
[2017-09-11 07:59:36] Processed: App\Jobs\EmailEbook
[2017-09-11 10:41:42] Processed: App\Jobs\EmailEbook
[2017-09-11 10:41:45] Processed: App\Jobs\EmailEbook
[2017-09-11 11:00:06] Processed: App\Jobs\EmailEbook
[2017-09-11 11:01:29] Processed: App\Jobs\EmailEbook
[2017-09-11 11:08:32] Processed: App\Jobs\EmailEbook
[2017-09-11 11:37:13] Processed: App\Jobs\EmailEbook
[2017-09-11 11:38:05] Processed: App\Jobs\EmailEbook
[2017-09-11 11:48:03] Processed: App\Jobs\EmailEbook
[2017-09-11 12:02:34] Processed: App\Jobs\EmailEbook
[2017-09-11 12:02:50] Processed: App\Jobs\EmailEbook
[2017-09-11 12:26:36] Processed: App\Jobs\EmailEbook
[2017-09-11 12:33:23] Processed: App\Jobs\EmailEbook
[2017-09-11 12:48:38] Processed: App\Jobs\EmailEbook
[2017-09-11 13:04:40] Processed: App\Jobs\EmailEbook
[2017-09-11 13:07:28] Processed: App\Jobs\EmailEbook
[2017-09-11 13:12:50] Processed: App\Jobs\EmailEbook
[2017-09-11 13:15:43] Processed: App\Jobs\EmailSend
[2017-09-11 13:29:26] Processed: App\Jobs\EmailEbook
[2017-09-11 13:30:18] Processed: App\Jobs\EmailEbook
[2017-09-11 13:58:44] Processed: App\Jobs\EmailEbook
[2017-09-11 14:04:08] Processed: App\Jobs\EmailEbook
[2017-09-11 14:04:12] Processed: App\Jobs\EmailEbook
[2017-09-11 14:04:20] Processed: App\Jobs\EmailEbook
[2017-09-11 14:40:53] Processed: App\Jobs\EmailEbook
[2017-09-11 14:41:06] Failed: App\Jobs\teste
[2017-09-11 14:42:59] Failed: App\Jobs\teste
[2017-09-11 14:45:36] Processed: App\Jobs\EmailEbook
[2017-09-11 14:47:50] Processed: App\Jobs\EmailEbook
[2017-09-11 14:49:48] Processed: App\Jobs\teste
[2017-09-11 14:52:13] Processed: App\Jobs\teste
[2017-09-11 14:55:21] Processed: App\Jobs\EmailEbook
[2017-09-11 14:56:19] Processed: App\Jobs\teste
[2017-09-11 15:00:10] Processed: App\Jobs\teste
[2017-09-11 15:01:06] Processed: App\Jobs\teste
[2017-09-11 15:01:53] Processed: App\Jobs\teste
[2017-09-11 15:09:10] Processed: App\Jobs\teste
[2017-09-11 15:10:21] Processed: App\Jobs\teste
[2017-09-11 15:20:34] Processed: App\Jobs\EmailEbook
[2017-09-11 15:22:03] Processed: App\Jobs\EmailEbook
[2017-09-11 15:29:45] Processed: App\Jobs\EmailEbook
[2017-09-11 15:46:12] Processed: App\Jobs\EmailEbook
[2017-09-11 15:51:05] Processed: App\Jobs\EmailEbook
[2017-09-11 16:07:24] Processed: App\Jobs\EmailEbook
[2017-09-11 16:27:06] Processed: App\Jobs\EmailEbook
[2017-09-11 16:35:51] Processed: App\Jobs\EmailEbook
[2017-09-11 16:55:06] Processed: App\Jobs\EmailEbook
[2017-09-11 17:01:26] Processed: App\Jobs\EmailEbook
[2017-09-11 17:43:21] Processed: App\Jobs\EmailEbook
[2017-09-11 17:43:41] Processed: App\Jobs\EmailEbook
[2017-09-11 17:58:29] Processed: App\Jobs\EmailEbook
[2017-09-11 18:14:31] Processed: App\Jobs\EmailEbook
[2017-09-11 18:24:18] Processed: App\Jobs\EmailEbook
[2017-09-11 18:28:59] Processed: App\Jobs\EmailEbook
[2017-09-11 18:29:02] Processed: App\Jobs\EmailEbook
[2017-09-11 18:29:05] Processed: App\Jobs\EmailEbook
[2017-09-11 18:30:13] Processed: App\Jobs\EmailEbook
[2017-09-11 18:30:17] Processed: App\Jobs\EmailEbook
[2017-09-11 18:30:37] Processed: App\Jobs\EmailEbook
[2017-09-11 18:30:49] Processed: App\Jobs\EmailEbook
[2017-09-11 18:41:48] Processed: App\Jobs\EmailEbook
[2017-09-11 18:56:10] Processed: App\Jobs\EmailEbook
[2017-09-11 18:59:04] Processed: App\Jobs\EmailEbook
[2017-09-11 19:15:08] Processed: App\Jobs\EmailEbook
[2017-09-11 20:16:57] Processed: App\Jobs\EmailEbook
[2017-09-11 20:17:00] Processed: App\Jobs\EmailEbook
[2017-09-11 21:02:02] Processed: App\Jobs\EmailSend
[2017-09-11 21:07:04] Processed: App\Jobs\EmailEbook
[2017-09-11 21:11:34] Processed: App\Jobs\EmailEbook
[2017-09-11 21:41:25] Processed: App\Jobs\EmailEbook
[2017-09-11 21:48:13] Processed: App\Jobs\EmailEbook
[2017-09-11 21:51:53] Processed: App\Jobs\EmailEbook
[2017-09-11 22:01:19] Processed: App\Jobs\EmailEbook
[2017-09-11 22:48:17] Processed: App\Jobs\EmailEbook
[2017-09-11 23:50:37] Processed: App\Jobs\EmailEbook
[2017-09-12 00:14:13] Processed: App\Jobs\EmailEbook
[2017-09-12 00:14:25] Processed: App\Jobs\EmailEbook
[2017-09-12 00:14:36] Processed: App\Jobs\EmailEbook
[2017-09-12 00:14:52] Processed: App\Jobs\EmailEbook
[2017-09-12 00:14:57] Processed: App\Jobs\EmailEbook
[2017-09-12 00:15:00] Processed: App\Jobs\EmailEbook
[2017-09-12 00:17:01] Processed: App\Jobs\EmailEbook
[2017-09-12 00:17:10] Processed: App\Jobs\EmailEbook
[2017-09-12 00:17:39] Processed: App\Jobs\EmailEbook
[2017-09-12 00:17:50] Processed: App\Jobs\EmailEbook
[2017-09-12 00:31:43] Processed: App\Jobs\EmailEbook
[2017-09-12 00:32:08] Processed: App\Jobs\EmailEbook
[2017-09-12 00:49:44] Processed: App\Jobs\EmailEbook
[2017-09-12 00:50:14] Processed: App\Jobs\EmailEbook
[2017-09-12 02:21:57] Processed: App\Jobs\EmailEbook
[2017-09-12 04:19:13] Processed: App\Jobs\EmailEbook
[2017-09-12 04:27:19] Processed: App\Jobs\EmailEbook
[2017-09-12 04:28:13] Processed: App\Jobs\EmailEbook
[2017-09-12 04:28:16] Processed: App\Jobs\EmailEbook
[2017-09-12 08:44:13] Processed: App\Jobs\EmailEbook
[2017-09-12 12:12:22] Processed: App\Jobs\EmailEbook
[2017-09-12 12:12:34] Processed: App\Jobs\EmailEbook
[2017-09-12 12:12:41] Processed: App\Jobs\EmailEbook
[2017-09-12 12:12:51] Processed: App\Jobs\EmailEbook
[2017-09-12 12:13:15] Processed: App\Jobs\EmailEbook
[2017-09-12 12:29:10] Processed: App\Jobs\EmailEbook
[2017-09-12 13:09:01] Processed: App\Jobs\EmailEbook
[2017-09-12 13:15:59] Processed: App\Jobs\EmailEbook
[2017-09-12 13:16:11] Processed: App\Jobs\EmailEbook
[2017-09-12 13:50:26] Processed: App\Jobs\EmailEbook
[2017-09-12 14:14:35] Processed: App\Jobs\EmailEbook
[2017-09-12 14:19:45] Processed: App\Jobs\EmailEbook
[2017-09-12 14:25:43] Processed: App\Jobs\EmailEbook
[2017-09-12 14:43:23] Processed: App\Jobs\EmailEbook
[2017-09-12 14:46:00] Processed: App\Jobs\EmailEbook
[2017-09-12 15:14:19] Processed: App\Jobs\EmailEbook
[2017-09-12 15:39:05] Processed: App\Jobs\EmailEbook
[2017-09-12 16:11:18] Processed: App\Jobs\EmailEbook
[2017-09-12 16:49:36] Processed: App\Jobs\EmailEbook
[2017-09-12 17:15:33] Processed: App\Jobs\EmailEbook
[2017-09-12 17:22:22] Processed: App\Jobs\EmailEbook
[2017-09-12 19:22:26] Processed: App\Jobs\EmailEbook
[2017-09-12 19:25:28] Processed: App\Jobs\EmailEbook
[2017-09-12 20:15:00] Processed: App\Jobs\EmailEbook
[2017-09-12 20:45:17] Processed: App\Jobs\EmailEbook
[2017-09-12 21:59:25] Processed: App\Jobs\EmailEbook
[2017-09-12 23:06:30] Processed: App\Jobs\EmailEbook
[2017-09-12 23:06:33] Processed: App\Jobs\EmailEbook
[2017-09-12 23:28:24] Processed: App\Jobs\EmailEbook
[2017-09-13 00:04:03] Processed: App\Jobs\EmailEbook
[2017-09-13 01:26:18] Processed: App\Jobs\EmailEbook
[2017-09-13 01:27:23] Processed: App\Jobs\EmailEbook
[2017-09-13 03:16:51] Processed: App\Jobs\EmailEbook
[2017-09-13 03:18:08] Processed: App\Jobs\EmailEbook
[2017-09-13 09:12:01] Processed: App\Jobs\EmailEbook
[2017-09-13 11:04:26] Processed: App\Jobs\EmailEbook
[2017-09-13 11:11:09] Processed: App\Jobs\EmailEbook
[2017-09-13 11:15:58] Processed: App\Jobs\EmailEbook
[2017-09-13 12:11:55] Processed: App\Jobs\EmailEbook
[2017-09-13 12:42:18] Processed: App\Jobs\EmailEbook
[2017-09-13 12:45:55] Processed: App\Jobs\EmailEbook
[2017-09-13 13:02:20] Processed: App\Jobs\EmailEbook
[2017-09-13 13:02:24] Processed: App\Jobs\EmailEbook
[2017-09-13 13:04:16] Processed: App\Jobs\EmailEbook
[2017-09-13 13:45:52] Processed: App\Jobs\EmailEbook
[2017-09-13 15:15:14] Processed: App\Jobs\EmailEbook
[2017-09-13 15:15:24] Processed: App\Jobs\EmailEbook
[2017-09-13 15:42:03] Processed: App\Jobs\EmailEbook
[2017-09-13 15:53:17] Processed: App\Jobs\EmailEbook
[2017-09-13 16:20:34] Processed: App\Jobs\EmailEbook
[2017-09-13 17:05:43] Processed: App\Jobs\EmailEbook
[2017-09-13 18:54:34] Processed: App\Jobs\EmailEbook
[2017-09-13 19:07:01] Processed: App\Jobs\EmailEbook
[2017-09-13 20:11:14] Processed: App\Jobs\EmailEbook
[2017-09-13 23:26:27] Processed: App\Jobs\EmailEbook
[2017-09-13 23:26:43] Processed: App\Jobs\EmailEbook
[2017-09-13 23:27:22] Processed: App\Jobs\EmailEbook
[2017-09-14 01:17:08] Processed: App\Jobs\EmailEbook
[2017-09-14 02:16:41] Processed: App\Jobs\EmailEbook
[2017-09-14 02:16:59] Processed: App\Jobs\EmailEbook
[2017-09-14 03:23:31] Processed: App\Jobs\EmailEbook
[2017-09-14 04:09:45] Processed: App\Jobs\EmailEbook
[2017-09-14 04:41:19] Processed: App\Jobs\EmailEbook
[2017-09-14 09:46:30] Processed: App\Jobs\EmailEbook
[2017-09-14 11:32:48] Processed: App\Jobs\EmailEbook
[2017-09-14 12:19:49] Processed: App\Jobs\EmailEbook
[2017-09-14 13:13:14] Processed: App\Jobs\EmailEbook
[2017-09-14 13:13:31] Processed: App\Jobs\EmailEbook
[2017-09-14 13:13:58] Processed: App\Jobs\EmailEbook
[2017-09-14 13:14:11] Processed: App\Jobs\EmailEbook
[2017-09-14 13:21:42] Processed: App\Jobs\EmailEbook
[2017-09-14 14:28:03] Processed: App\Jobs\EmailEbook
[2017-09-14 14:28:29] Processed: App\Jobs\EmailEbook
[2017-09-14 14:37:52] Processed: App\Jobs\EmailEbook
[2017-09-14 14:52:34] Processed: App\Jobs\EmailEbook
[2017-09-14 15:05:58] Processed: App\Jobs\EmailEbook
[2017-09-14 15:10:08] Processed: App\Jobs\EmailEbook
[2017-09-14 15:41:10] Processed: App\Jobs\EmailEbook
[2017-09-14 17:21:46] Processed: App\Jobs\EmailEbook
[2017-09-14 17:22:10] Processed: App\Jobs\EmailEbook
[2017-09-14 17:57:23] Processed: App\Jobs\EmailEbook
[2017-09-14 17:57:31] Processed: App\Jobs\EmailEbook
[2017-09-14 19:22:00] Processed: App\Jobs\EmailEbook
[2017-09-14 19:22:16] Processed: App\Jobs\EmailEbook
[2017-09-14 19:22:36] Processed: App\Jobs\EmailEbook
[2017-09-14 20:15:34] Processed: App\Jobs\EmailEbook
[2017-09-14 20:44:16] Processed: App\Jobs\EmailEbook
[2017-09-14 20:44:32] Processed: App\Jobs\EmailEbook
[2017-09-14 21:26:23] Processed: App\Jobs\EmailEbook
[2017-09-14 22:48:43] Processed: App\Jobs\EmailEbook
[2017-09-14 23:33:04] Processed: App\Jobs\EmailEbook
[2017-09-14 23:40:06] Processed: App\Jobs\EmailEbook
[2017-09-14 23:42:42] Processed: App\Jobs\EmailEbook
[2017-09-15 00:19:12] Processed: App\Jobs\EmailEbook
[2017-09-15 01:14:06] Processed: App\Jobs\EmailEbook
[2017-09-15 01:14:28] Processed: App\Jobs\EmailEbook
[2017-09-15 01:14:42] Processed: App\Jobs\EmailEbook
[2017-09-15 01:14:47] Processed: App\Jobs\EmailEbook
[2017-09-15 01:15:32] Processed: App\Jobs\EmailEbook
[2017-09-15 01:15:56] Processed: App\Jobs\EmailEbook
[2017-09-15 02:18:30] Processed: App\Jobs\EmailEbook
[2017-09-15 02:37:16] Processed: App\Jobs\EmailEbook
[2017-09-15 09:16:47] Processed: App\Jobs\EmailEbook
[2017-09-15 11:16:20] Processed: App\Jobs\EmailEbook
[2017-09-15 11:22:54] Processed: App\Jobs\EmailEbook
[2017-09-15 12:24:37] Processed: App\Jobs\EmailEbook
[2017-09-15 12:24:40] Processed: App\Jobs\EmailEbook
[2017-09-15 12:24:43] Processed: App\Jobs\EmailEbook
[2017-09-15 12:24:46] Processed: App\Jobs\EmailEbook
[2017-09-15 14:24:10] Processed: App\Jobs\EmailEbook
[2017-09-15 14:44:08] Processed: App\Jobs\EmailEbook
[2017-09-15 14:44:39] Processed: App\Jobs\EmailEbook
[2017-09-15 14:57:50] Processed: App\Jobs\EmailEbook
[2017-09-15 16:47:12] Processed: App\Jobs\EmailEbook
[2017-09-15 16:47:29] Processed: App\Jobs\EmailEbook
[2017-09-15 23:30:50] Processed: App\Jobs\EmailEbook
[2017-09-15 23:32:00] Processed: App\Jobs\EmailEbook
[2017-09-16 01:32:01] Processed: App\Jobs\EmailEbook
[2017-09-16 02:57:49] Processed: App\Jobs\EmailEbook
[2017-09-16 03:19:01] Processed: App\Jobs\EmailEbook
[2017-09-16 11:12:07] Processed: App\Jobs\EmailEbook
[2017-09-16 14:15:05] Processed: App\Jobs\EmailEbook
[2017-09-16 14:16:15] Processed: App\Jobs\EmailEbook
[2017-09-16 14:44:02] Processed: App\Jobs\EmailEbook
[2017-09-16 16:31:46] Processed: App\Jobs\EmailEbook
[2017-09-16 20:50:01] Processed: App\Jobs\EmailEbook
[2017-09-16 20:50:36] Processed: App\Jobs\EmailEbook
[2017-09-16 22:45:10] Processed: App\Jobs\EmailEbook
[2017-09-16 22:45:12] Processed: App\Jobs\EmailEbook
[2017-09-17 00:11:29] Processed: App\Jobs\EmailEbook
[2017-09-17 00:11:41] Processed: App\Jobs\EmailEbook
[2017-09-17 01:06:30] Processed: App\Jobs\EmailEbook
[2017-09-17 02:44:06] Processed: App\Jobs\EmailEbook
[2017-09-17 03:55:36] Processed: App\Jobs\EmailEbook
[2017-09-17 04:26:31] Processed: App\Jobs\EmailEbook
[2017-09-17 12:49:42] Processed: App\Jobs\EmailEbook
[2017-09-17 12:50:00] Processed: App\Jobs\EmailEbook
[2017-09-17 12:50:09] Processed: App\Jobs\EmailEbook
[2017-09-17 17:11:31] Processed: App\Jobs\EmailEbook
[2017-09-17 17:11:34] Processed: App\Jobs\EmailEbook
[2017-09-17 17:11:41] Processed: App\Jobs\EmailEbook
[2017-09-17 17:11:53] Processed: App\Jobs\EmailEbook
[2017-09-17 20:29:32] Processed: App\Jobs\EmailEbook
[2017-09-17 20:30:30] Processed: App\Jobs\EmailEbook
[2017-09-17 22:35:18] Processed: App\Jobs\EmailEbook
[2017-09-18 00:52:40] Processed: App\Jobs\EmailEbook
[2017-09-18 02:35:24] Processed: App\Jobs\EmailEbook
[2017-09-18 02:37:02] Processed: App\Jobs\EmailEbook
[2017-09-18 03:16:20] Processed: App\Jobs\EmailEbook
[2017-09-18 03:16:58] Processed: App\Jobs\EmailEbook
[2017-09-18 03:18:40] Processed: App\Jobs\EmailEbook
[2017-09-18 04:52:09] Processed: App\Jobs\EmailEbook
[2017-09-18 15:31:30] Processed: App\Jobs\EmailEbook
[2017-09-18 17:13:46] Processed: App\Jobs\EmailEbook
[2017-09-18 19:08:54] Processed: App\Jobs\EmailEbook
[2017-09-18 20:04:11] Processed: App\Jobs\EmailEbook
[2017-09-18 20:10:03] Processed: App\Jobs\EmailEbook
[2017-09-19 00:58:01] Processed: App\Jobs\EmailEbook
[2017-09-19 01:08:27] Processed: App\Jobs\EmailEbook
[2017-09-19 01:09:07] Processed: App\Jobs\EmailEbook
[2017-09-19 02:04:53] Processed: App\Jobs\EmailEbook
[2017-09-19 02:36:49] Processed: App\Jobs\EmailEbook
[2017-09-19 02:37:12] Processed: App\Jobs\EmailEbook
[2017-09-19 04:05:33] Processed: App\Jobs\EmailEbook
[2017-09-19 05:32:13] Processed: App\Jobs\EmailEbook
[2017-09-19 11:39:47] Processed: App\Jobs\EmailEbook
[2017-09-19 11:40:07] Processed: App\Jobs\EmailEbook
[2017-09-19 11:40:37] Processed: App\Jobs\EmailEbook
[2017-09-19 11:52:50] Processed: App\Jobs\EmailEbook
[2017-09-19 11:52:53] Processed: App\Jobs\EmailEbook
[2017-09-19 12:08:36] Processed: App\Jobs\EmailEbook
[2017-09-19 12:28:38] Processed: App\Jobs\EmailEbook
[2017-09-19 12:28:56] Processed: App\Jobs\EmailEbook
[2017-09-19 13:05:56] Processed: App\Jobs\EmailEbook
[2017-09-19 13:08:24] Processed: App\Jobs\EmailEbook
[2017-09-19 13:09:58] Processed: App\Jobs\EmailEbook
[2017-09-19 13:34:29] Processed: App\Jobs\EmailSend
[2017-09-19 14:06:55] Processed: App\Jobs\EmailSend
[2017-09-19 14:07:14] Processed: App\Jobs\EmailEbook
[2017-09-19 14:25:43] Processed: App\Jobs\EmailSend
[2017-09-19 15:08:14] Processed: App\Jobs\EmailSend
[2017-09-19 15:22:25] Processed: App\Jobs\EmailSend
